#
# There is insufficient memory for the Java Runtime Environment to continue.
# Native memory allocation (malloc) failed to allocate 32744 bytes for ChunkPool::allocate
# Possible reasons:
#   The system is out of physical RAM or swap space
#   In 32 bit mode, the process size limit was hit
# Possible solutions:
#   Reduce memory load on the system
#   Increase physical memory or swap space
#   Check if swap backing store is full
#   Use 64 bit Java on a 64 bit OS
#   Decrease Java heap size (-Xmx/-Xms)
#   Decrease number of Java threads
#   Decrease Java thread stack sizes (-Xss)
#   Set larger code cache with -XX:ReservedCodeCacheSize=
# This output file may be truncated or incomplete.
#
#  Out of Memory Error (allocation.cpp:273), pid=5416, tid=0x0000000000001ac8
#
# JRE version: Java(TM) SE Runtime Environment (8.0_181-b13) (build 1.8.0_181-b13)
# Java VM: Java HotSpot(TM) 64-Bit Server VM (25.181-b13 mixed mode windows-amd64 compressed oops)
# Failed to write core dump. Minidumps are not enabled by default on client versions of Windows
#

---------------  T H R E A D  ---------------

Current thread (0x0000000054c69000):  JavaThread "C1 CompilerThread2" daemon [_thread_in_native, id=6856, stack(0x0000000056b00000,0x0000000056c00000)]

Stack: [0x0000000056b00000,0x0000000056c00000]
[error occurred during error reporting (printing stack bounds), id 0xc0000005]

Native frames: (J=compiled Java code, j=interpreted, Vv=VM code, C=native code)


Current CompileTask:
C1:  21718  971   !   3       javax.swing.JComponent::
[error occurred during error reporting (printing current compile task), id 0xe0000001]


---------------  P R O C E S S  ---------------

Java Threads: ( => current thread )
  0x0000000057538000 JavaThread "Image Animator 0" daemon [_thread_blocked, id=6844, stack(0x000000005bb00000,0x000000005bc00000)]
  0x0000000001d3f000 JavaThread "DestroyJavaVM" [_thread_blocked, id=7212, stack(0x0000000002140000,0x0000000002240000)]
  0x0000000056e58800 JavaThread "AWT-EventQueue-0" [_thread_in_Java, id=2696, stack(0x00000000576f0000,0x00000000577f0000)]
  0x0000000057149800 JavaThread "AWT-Shutdown" [_thread_blocked, id=4192, stack(0x0000000057b20000,0x0000000057c20000)]
  0x0000000056311000 JavaThread "TimerQueue" daemon [_thread_blocked, id=6640, stack(0x0000000058110000,0x0000000058210000)]
  0x0000000056312000 JavaThread "AWT-Windows" daemon [_thread_in_native, id=5064, stack(0x00000000579a0000,0x0000000057aa0000)]
  0x0000000056310000 JavaThread "Java2D Disposer" daemon [_thread_blocked, id=5500, stack(0x00000000575d0000,0x00000000576d0000)]
  0x0000000055fa9800 JavaThread "Service Thread" daemon [_thread_blocked, id=2824, stack(0x0000000056c90000,0x0000000056d90000)]
=>0x0000000054c69000 JavaThread "C1 CompilerThread2" daemon [_thread_in_native, id=6856, stack(0x0000000056b00000,0x0000000056c00000)]
  0x0000000054c68000 JavaThread "C2 CompilerThread1" daemon [_thread_blocked, id=3320, stack(0x0000000056990000,0x0000000056a90000)]
  0x0000000055f32800 JavaThread "C2 CompilerThread0" daemon [_thread_blocked, id=6356, stack(0x00000000567e0000,0x00000000568e0000)]
  0x0000000054c67000 JavaThread "Attach Listener" daemon [_thread_blocked, id=6960, stack(0x0000000056560000,0x0000000056660000)]
  0x0000000054c65800 JavaThread "Signal Dispatcher" daemon [_thread_blocked, id=2012, stack(0x0000000056460000,0x0000000056560000)]
  0x0000000054c4a800 JavaThread "Finalizer" daemon [_thread_blocked, id=8056, stack(0x0000000055d70000,0x0000000055e70000)]
  0x0000000054c03800 JavaThread "Reference Handler" daemon [_thread_blocked, id=5536, stack(0x0000000055a60000,0x0000000055b60000)]

Other Threads:
  0x0000000054bfc000 VMThread [stack: 0x0000000055bc0000,0x0000000055cc0000] [id=5904]
  0x0000000055fd4800 WatcherThread [stack: 0x00000000566d0000,0x00000000567d0000] [id=3532]

VM state:not at safepoint (normal execution)

VM Mutex/Monitor currently owned by a thread: None

Heap:
 PSYoungGen      total 133120K, used 55602K [0x00000000eb200000, 0x00000000f3600000, 0x0000000100000000)
  eden space 131072K, 42% used [0x00000000eb200000,0x00000000ee84c9f0,0x00000000f3200000)
  from space 2048K, 0% used [0x00000000f3200000,0x00000000f3200000,0x00000000f3400000)
  to   space 2048K, 0% used [0x00000000f3400000,0x00000000f3400000,0x00000000f3600000)
 ParOldGen       total 302080K, used 254876K [0x00000000c1600000, 0x00000000d3d00000, 0x00000000eb200000)
  object space 302080K, 84% used [0x00000000c1600000,0x00000000d0ee7270,0x00000000d3d00000)
 Metaspace       used 10973K, capacity 11186K, committed 11392K, reserved 1058816K
  class space    used 1266K, capacity 1353K, committed 1408K, reserved 1048576K

Card table byte_map: [0x00000000118d0000,0x0000000011ad0000] byte_map_base: 0x00000000112c5000

Marking Bits: (ParMarkBitMap*) 0x000000006e092d00
 Begin Bits: [0x0000000012120000, 0x00000000130c8000)
 End Bits:   [0x00000000130c8000, 0x0000000014070000)

Polling page: 0x0000000000410000

CodeCache: size=245760Kb used=3690Kb max_used=3690Kb free=242069Kb
 bounds [0x0000000002510000, 0x00000000028b0000, 0x0000000011510000]
 total_blobs=1457 nmethods=970 adapters=400
 compilation: enabled

Compilation events (10 events):
Event: 21.446 Thread 0x0000000054c69000 nmethod 966 0x00000000028a84d0 code [0x00000000028a8680, 0x00000000028a8eb0]
Event: 21.491 Thread 0x0000000054c69000  967       3       java.awt.EventDispatchThread$HierarchyEventFilter::acceptEvent (225 bytes)
Event: 21.492 Thread 0x0000000054c69000 nmethod 967 0x00000000028a8f10 code [0x00000000028a9140, 0x00000000028aa328]
Event: 21.492 Thread 0x0000000054c69000  968  s    3       sun.java2d.ScreenUpdateManager::getInstance (39 bytes)
Event: 21.492 Thread 0x0000000054c69000 nmethod 968 0x00000000028aa650 code [0x00000000028aa880, 0x00000000028ab6e8]
Event: 21.492 Thread 0x0000000054c69000  969       3       java.awt.image.BufferedImage::getWidth (8 bytes)
Event: 21.492 Thread 0x0000000054c69000 nmethod 969 0x00000000028abc50 code [0x00000000028abda0, 0x00000000028abf90]
Event: 21.496 Thread 0x0000000054c69000  970       3       java.awt.geom.AffineTransform::<init> (57 bytes)
Event: 21.497 Thread 0x0000000054c69000 nmethod 970 0x00000000028ac050 code [0x00000000028ac1e0, 0x00000000028ac508]
Event: 21.497 Thread 0x0000000054c69000  971   !   3       javax.swing.JComponent::paintChildren (669 bytes)

GC Heap History (10 events):
Event: 5.290 GC heap before
{Heap before GC invocations=4 (full 0):
 PSYoungGen      total 35328K, used 34642K [0x00000000eb200000, 0x00000000ef700000, 0x0000000100000000)
  eden space 32768K, 99% used [0x00000000eb200000,0x00000000ed1fc178,0x00000000ed200000)
  from space 2560K, 73% used [0x00000000ed200000,0x00000000ed3d8a18,0x00000000ed480000)
  to   space 2560K, 0% used [0x00000000ef480000,0x00000000ef480000,0x00000000ef700000)
 ParOldGen       total 166400K, used 132724K [0x00000000c1600000, 0x00000000cb880000, 0x00000000eb200000)
  object space 166400K, 79% used [0x00000000c1600000,0x00000000c979d278,0x00000000cb880000)
 Metaspace       used 8958K, capacity 9114K, committed 9344K, reserved 1056768K
  class space    used 1028K, capacity 1095K, committed 1152K, reserved 1048576K
Event: 5.295 GC heap after
Heap after GC invocations=4 (full 0):
 PSYoungGen      total 68096K, used 1914K [0x00000000eb200000, 0x00000000ef700000, 0x0000000100000000)
  eden space 65536K, 0% used [0x00000000eb200000,0x00000000eb200000,0x00000000ef200000)
  from space 2560K, 74% used [0x00000000ef480000,0x00000000ef65e900,0x00000000ef700000)
  to   space 2560K, 0% used [0x00000000ef200000,0x00000000ef200000,0x00000000ef480000)
 ParOldGen       total 166400K, used 132732K [0x00000000c1600000, 0x00000000cb880000, 0x00000000eb200000)
  object space 166400K, 79% used [0x00000000c1600000,0x00000000c979f278,0x00000000cb880000)
 Metaspace       used 8958K, capacity 9114K, committed 9344K, reserved 1056768K
  class space    used 1028K, capacity 1095K, committed 1152K, reserved 1048576K
}
Event: 6.928 GC heap before
{Heap before GC invocations=5 (full 0):
 PSYoungGen      total 68096K, used 67450K [0x00000000eb200000, 0x00000000ef700000, 0x0000000100000000)
  eden space 65536K, 100% used [0x00000000eb200000,0x00000000ef200000,0x00000000ef200000)
  from space 2560K, 74% used [0x00000000ef480000,0x00000000ef65e900,0x00000000ef700000)
  to   space 2560K, 0% used [0x00000000ef200000,0x00000000ef200000,0x00000000ef480000)
 ParOldGen       total 288768K, used 254997K [0x00000000c1600000, 0x00000000d3000000, 0x00000000eb200000)
  object space 288768K, 88% used [0x00000000c1600000,0x00000000d0f057c0,0x00000000d3000000)
 Metaspace       used 8964K, capacity 9210K, committed 9344K, reserved 1056768K
  class space    used 1031K, capacity 1127K, committed 1152K, reserved 1048576K
Event: 6.932 GC heap after
Heap after GC invocations=5 (full 0):
 PSYoungGen      total 68096K, used 1994K [0x00000000eb200000, 0x00000000f3600000, 0x0000000100000000)
  eden space 65536K, 0% used [0x00000000eb200000,0x00000000eb200000,0x00000000ef200000)
  from space 2560K, 77% used [0x00000000ef200000,0x00000000ef3f28f0,0x00000000ef480000)
  to   space 2048K, 0% used [0x00000000f3400000,0x00000000f3400000,0x00000000f3600000)
 ParOldGen       total 288768K, used 255005K [0x00000000c1600000, 0x00000000d3000000, 0x00000000eb200000)
  object space 288768K, 88% used [0x00000000c1600000,0x00000000d0f077c0,0x00000000d3000000)
 Metaspace       used 8964K, capacity 9210K, committed 9344K, reserved 1056768K
  class space    used 1031K, capacity 1127K, committed 1152K, reserved 1048576K
}
Event: 7.489 GC heap before
{Heap before GC invocations=6 (full 0):
 PSYoungGen      total 68096K, used 67530K [0x00000000eb200000, 0x00000000f3600000, 0x0000000100000000)
  eden space 65536K, 100% used [0x00000000eb200000,0x00000000ef200000,0x00000000ef200000)
  from space 2560K, 77% used [0x00000000ef200000,0x00000000ef3f28f0,0x00000000ef480000)
  to   space 2048K, 0% used [0x00000000f3400000,0x00000000f3400000,0x00000000f3600000)
 ParOldGen       total 288768K, used 255005K [0x00000000c1600000, 0x00000000d3000000, 0x00000000eb200000)
  object space 288768K, 88% used [0x00000000c1600000,0x00000000d0f077c0,0x00000000d3000000)
 Metaspace       used 8964K, capacity 9210K, committed 9344K, reserved 1056768K
  class space    used 1031K, capacity 1127K, committed 1152K, reserved 1048576K
Event: 7.505 GC heap after
Heap after GC invocations=6 (full 0):
 PSYoungGen      total 133120K, used 1922K [0x00000000eb200000, 0x00000000f3600000, 0x0000000100000000)
  eden space 131072K, 0% used [0x00000000eb200000,0x00000000eb200000,0x00000000f3200000)
  from space 2048K, 93% used [0x00000000f3400000,0x00000000f35e0a18,0x00000000f3600000)
  to   space 2048K, 0% used [0x00000000f3200000,0x00000000f3200000,0x00000000f3400000)
 ParOldGen       total 288768K, used 255013K [0x00000000c1600000, 0x00000000d3000000, 0x00000000eb200000)
  object space 288768K, 88% used [0x00000000c1600000,0x00000000d0f097c0,0x00000000d3000000)
 Metaspace       used 8964K, capacity 9210K, committed 9344K, reserved 1056768K
  class space    used 1031K, capacity 1127K, committed 1152K, reserved 1048576K
}
Event: 16.231 GC heap before
{Heap before GC invocations=7 (full 0):
 PSYoungGen      total 133120K, used 132994K [0x00000000eb200000, 0x00000000f3600000, 0x0000000100000000)
  eden space 131072K, 100% used [0x00000000eb200000,0x00000000f3200000,0x00000000f3200000)
  from space 2048K, 93% used [0x00000000f3400000,0x00000000f35e0a18,0x00000000f3600000)
  to   space 2048K, 0% used [0x00000000f3200000,0x00000000f3200000,0x00000000f3400000)
 ParOldGen       total 288768K, used 255013K [0x00000000c1600000, 0x00000000d3000000, 0x00000000eb200000)
  object space 288768K, 88% used [0x00000000c1600000,0x00000000d0f097c0,0x00000000d3000000)
 Metaspace       used 10881K, capacity 11114K, committed 11392K, reserved 1058816K
  class space    used 1262K, capacity 1353K, committed 1408K, reserved 1048576K
Event: 16.260 GC heap after
Heap after GC invocations=7 (full 0):
 PSYoungGen      total 133120K, used 2022K [0x00000000eb200000, 0x00000000f3600000, 0x0000000100000000)
  eden space 131072K, 0% used [0x00000000eb200000,0x00000000eb200000,0x00000000f3200000)
  from space 2048K, 98% used [0x00000000f3200000,0x00000000f33f9a20,0x00000000f3400000)
  to   space 2048K, 0% used [0x00000000f3400000,0x00000000f3400000,0x00000000f3600000)
 ParOldGen       total 288768K, used 266050K [0x00000000c1600000, 0x00000000d3000000, 0x00000000eb200000)
  object space 288768K, 92% used [0x00000000c1600000,0x00000000d19d0b10,0x00000000d3000000)
 Metaspace       used 10881K, capacity 11114K, committed 11392K, reserved 1058816K
  class space    used 1262K, capacity 1353K, committed 1408K, reserved 1048576K
}
Event: 16.260 GC heap before
{Heap before GC invocations=8 (full 1):
 PSYoungGen      total 133120K, used 2022K [0x00000000eb200000, 0x00000000f3600000, 0x0000000100000000)
  eden space 131072K, 0% used [0x00000000eb200000,0x00000000eb200000,0x00000000f3200000)
  from space 2048K, 98% used [0x00000000f3200000,0x00000000f33f9a20,0x00000000f3400000)
  to   space 2048K, 0% used [0x00000000f3400000,0x00000000f3400000,0x00000000f3600000)
 ParOldGen       total 288768K, used 266050K [0x00000000c1600000, 0x00000000d3000000, 0x00000000eb200000)
  object space 288768K, 92% used [0x00000000c1600000,0x00000000d19d0b10,0x00000000d3000000)
 Metaspace       used 10881K, capacity 11114K, committed 11392K, reserved 1058816K
  class space    used 1262K, capacity 1353K, committed 1408K, reserved 1048576K
Event: 16.327 GC heap after
Heap after GC invocations=8 (full 1):
 PSYoungGen      total 133120K, used 0K [0x00000000eb200000, 0x00000000f3600000, 0x0000000100000000)
  eden space 131072K, 0% used [0x00000000eb200000,0x00000000eb200000,0x00000000f3200000)
  from space 2048K, 0% used [0x00000000f3200000,0x00000000f3200000,0x00000000f3400000)
  to   space 2048K, 0% used [0x00000000f3400000,0x00000000f3400000,0x00000000f3600000)
 ParOldGen       total 302080K, used 254876K [0x00000000c1600000, 0x00000000d3d00000, 0x00000000eb200000)
  object space 302080K, 84% used [0x00000000c1600000,0x00000000d0ee7270,0x00000000d3d00000)
 Metaspace       used 10881K, capacity 11114K, committed 11392K, reserved 1058816K
  class space    used 1262K, capacity 1353K, committed 1408K, reserved 1048576K
}

Deoptimization events (5 events):
Event: 1.117 Thread 0x0000000001d3f000 Uncommon trap: reason=class_check action=maybe_recompile pc=0x0000000002708658 method=java.io.BufferedInputStream.read1([BII)I @ 39
Event: 1.117 Thread 0x0000000001d3f000 Uncommon trap: reason=class_check action=maybe_recompile pc=0x0000000002708658 method=java.io.BufferedInputStream.read1([BII)I @ 39
Event: 1.118 Thread 0x0000000001d3f000 Uncommon trap: reason=class_check action=maybe_recompile pc=0x0000000002708658 method=java.io.BufferedInputStream.read1([BII)I @ 39
Event: 1.118 Thread 0x0000000001d3f000 Uncommon trap: reason=class_check action=maybe_recompile pc=0x0000000002708658 method=java.io.BufferedInputStream.read1([BII)I @ 39
Event: 8.307 Thread 0x0000000057538000 Uncommon trap: reason=unstable_if action=reinterpret pc=0x00000000026ef340 method=sun.awt.image.ByteInterleavedRaster.putByteData(IIII[B)V @ 79

Classes redefined (0 events):
No events

Internal exceptions (10 events):
Event: 0.050 Thread 0x0000000001d3f000 Exception <a 'java/lang/NoSuchMethodError': Method sun.misc.Unsafe.prefetchRead(Ljava/lang/Object;J)V name or signature does not match> (0x00000000eb207f98) thrown at [C:\re\workspace\8-2-build-windows-amd64-cygwin\jdk8u181\11358\hotspot\src\share\vm\prim
Event: 0.184 Thread 0x0000000001d3f000 Exception <a 'java/security/PrivilegedActionException'> (0x00000000eb29d9c8) thrown at [C:\re\workspace\8-2-build-windows-amd64-cygwin\jdk8u181\11358\hotspot\src\share\vm\prims\jvm.cpp, line 1435]
Event: 0.184 Thread 0x0000000001d3f000 Exception <a 'java/security/PrivilegedActionException'> (0x00000000eb29dbd8) thrown at [C:\re\workspace\8-2-build-windows-amd64-cygwin\jdk8u181\11358\hotspot\src\share\vm\prims\jvm.cpp, line 1435]
Event: 0.185 Thread 0x0000000001d3f000 Exception <a 'java/security/PrivilegedActionException'> (0x00000000eb2a1ae8) thrown at [C:\re\workspace\8-2-build-windows-amd64-cygwin\jdk8u181\11358\hotspot\src\share\vm\prims\jvm.cpp, line 1435]
Event: 0.185 Thread 0x0000000001d3f000 Exception <a 'java/security/PrivilegedActionException'> (0x00000000eb2a1cf8) thrown at [C:\re\workspace\8-2-build-windows-amd64-cygwin\jdk8u181\11358\hotspot\src\share\vm\prims\jvm.cpp, line 1435]
Event: 0.189 Thread 0x0000000001d3f000 Exception <a 'java/io/FileNotFoundException'> (0x00000000eb2a3dd8) thrown at [C:\re\workspace\8-2-build-windows-amd64-cygwin\jdk8u181\11358\hotspot\src\share\vm\prims\jni.cpp, line 709]
Event: 0.259 Thread 0x0000000001d3f000 Exception <a 'java/lang/NoSuchFieldError': method resolution failed> (0x00000000eb3c6aa0) thrown at [C:\re\workspace\8-2-build-windows-amd64-cygwin\jdk8u181\11358\hotspot\src\share\vm\prims\methodHandles.cpp, line 1167]
Event: 0.261 Thread 0x0000000001d3f000 Exception <a 'java/lang/NoSuchFieldError': method resolution failed> (0x00000000eb3d3e70) thrown at [C:\re\workspace\8-2-build-windows-amd64-cygwin\jdk8u181\11358\hotspot\src\share\vm\prims\methodHandles.cpp, line 1167]
Event: 0.335 Thread 0x0000000001d3f000 Exception <a 'java/io/FileNotFoundException'> (0x00000000eb46c2d8) thrown at [C:\re\workspace\8-2-build-windows-amd64-cygwin\jdk8u181\11358\hotspot\src\share\vm\prims\jni.cpp, line 709]
Event: 0.546 Thread 0x0000000056deb800 Exception <a 'java/lang/InterruptedException': sleep interrupted> (0x00000000eb69ec10) thrown at [C:\re\workspace\8-2-build-windows-amd64-cygwin\jdk8u181\11358\hotspot\src\share\vm\prims\jvm.cpp, line 3225]

Events (10 events):
Event: 18.315 loading class sun/awt/AWTAccessor$MouseEventAccessor done
Event: 18.315 loading class java/awt/event/MouseEvent$1 done
Event: 18.316 loading class java/awt/Cursor$CursorDisposer
Event: 18.397 loading class java/awt/Cursor$CursorDisposer done
Event: 18.397 loading class java/awt/event/MouseWheelEvent
Event: 18.398 loading class java/awt/event/MouseWheelEvent done
Event: 18.398 loading class java/awt/AWTEvent$2
Event: 18.440 loading class java/awt/AWTEvent$2 done
Event: 18.440 loading class sun/reflect/UnsafeBooleanFieldAccessorImpl
Event: 18.473 loading class sun/reflect/UnsafeBooleanFieldAccessorImpl done


Dynamic libraries:
0x000000013f850000 - 0x000000013f887000 	C:\Program Files\Java\jdk1.8.0_181\bin\javaw.exe
0x0000000076d80000 - 0x0000000076f29000 	C:\Windows\SYSTEM32\ntdll.dll
0x0000000076b60000 - 0x0000000076c7f000 	C:\Windows\system32\kernel32.dll
0x000007fefcf70000 - 0x000007fefcfdb000 	C:\Windows\system32\KERNELBASE.dll
0x000007fefee30000 - 0x000007fefef0b000 	C:\Windows\system32\ADVAPI32.dll
0x000007fefdcd0000 - 0x000007fefdd6f000 	C:\Windows\system32\msvcrt.dll
0x000007fefd890000 - 0x000007fefd8af000 	C:\Windows\SYSTEM32\sechost.dll
0x000007fefd9d0000 - 0x000007fefdafd000 	C:\Windows\system32\RPCRT4.dll
0x0000000076c80000 - 0x0000000076d7a000 	C:\Windows\system32\USER32.dll
0x000007fefd280000 - 0x000007fefd2e7000 	C:\Windows\system32\GDI32.dll
0x000007fefed60000 - 0x000007fefed6e000 	C:\Windows\system32\LPK.dll
0x000007fefd3f0000 - 0x000007fefd4b9000 	C:\Windows\system32\USP10.dll
0x000007fefbd60000 - 0x000007fefbf54000 	C:\Windows\WinSxS\amd64_microsoft.windows.common-controls_6595b64144ccf1df_6.0.7601.17514_none_fa396087175ac9ac\COMCTL32.dll
0x000007fefd370000 - 0x000007fefd3e1000 	C:\Windows\system32\SHLWAPI.dll
0x000007fefd650000 - 0x000007fefd67e000 	C:\Windows\system32\IMM32.DLL
0x000007fefd8c0000 - 0x000007fefd9c9000 	C:\Windows\system32\MSCTF.dll
0x0000000073bf0000 - 0x0000000073cc2000 	C:\Program Files\Java\jdk1.8.0_181\jre\bin\msvcr100.dll
0x000000006d870000 - 0x000000006e112000 	C:\Program Files\Java\jdk1.8.0_181\jre\bin\server\jvm.dll
0x000007fef89a0000 - 0x000007fef89a9000 	C:\Windows\system32\WSOCK32.dll
0x000007fefd4c0000 - 0x000007fefd50d000 	C:\Windows\system32\WS2_32.dll
0x000007fefd8b0000 - 0x000007fefd8b8000 	C:\Windows\system32\NSI.dll
0x000007fefa680000 - 0x000007fefa6bb000 	C:\Windows\system32\WINMM.dll
0x000007fefb510000 - 0x000007fefb51c000 	C:\Windows\system32\VERSION.dll
0x0000000076f50000 - 0x0000000076f57000 	C:\Windows\system32\PSAPI.DLL
0x0000000074890000 - 0x000000007489f000 	C:\Program Files\Java\jdk1.8.0_181\jre\bin\verify.dll
0x0000000074860000 - 0x0000000074889000 	C:\Program Files\Java\jdk1.8.0_181\jre\bin\java.dll
0x0000000074840000 - 0x0000000074856000 	C:\Program Files\Java\jdk1.8.0_181\jre\bin\zip.dll
0x000007fefdd70000 - 0x000007fefeaf8000 	C:\Windows\system32\SHELL32.dll
0x000007fefd680000 - 0x000007fefd883000 	C:\Windows\system32\ole32.dll
0x000007fefccd0000 - 0x000007fefccdf000 	C:\Windows\system32\profapi.dll
0x00000000730a0000 - 0x0000000073239000 	C:\Program Files\Java\jdk1.8.0_181\jre\bin\awt.dll
0x000007fefd570000 - 0x000007fefd647000 	C:\Windows\system32\OLEAUT32.dll
0x000007fefb860000 - 0x000007fefb878000 	C:\Windows\system32\DWMAPI.DLL
0x000007fef0410000 - 0x000007fef052d000 	C:\Windows\system32\opengl32.dll
0x000007fef1760000 - 0x000007fef178d000 	C:\Windows\system32\GLU32.dll
0x000007fef0310000 - 0x000007fef0401000 	C:\Windows\system32\DDRAW.dll
0x000007fef1750000 - 0x000007fef1758000 	C:\Windows\system32\DCIMAN32.dll
0x000007fefd0a0000 - 0x000007fefd277000 	C:\Windows\system32\SETUPAPI.dll
0x000007fefcdc0000 - 0x000007fefcdf6000 	C:\Windows\system32\CFGMGR32.dll
0x000007fefd080000 - 0x000007fefd09a000 	C:\Windows\system32\DEVOBJ.dll
0x000007fefad40000 - 0x000007fefad96000 	C:\Windows\system32\uxtheme.dll
0x000007fefcc00000 - 0x000007fefcc0f000 	C:\Windows\system32\CRYPTBASE.dll
0x000007fefc4e0000 - 0x000007fefc4f7000 	C:\Windows\system32\CRYPTSP.dll
0x000007fefc1e0000 - 0x000007fefc227000 	C:\Windows\system32\rsaenh.dll
0x000007fefb700000 - 0x000007fefb71e000 	C:\Windows\system32\USERENV.dll
0x0000000073bd0000 - 0x0000000073bea000 	C:\Program Files\Java\jdk1.8.0_181\jre\bin\net.dll
0x000007fefc480000 - 0x000007fefc4d5000 	C:\Windows\system32\mswsock.dll
0x000007fefc470000 - 0x000007fefc477000 	C:\Windows\System32\wship6.dll
0x000007fefba70000 - 0x000007fefba97000 	C:\Windows\system32\IPHLPAPI.DLL
0x000007fefbac0000 - 0x000007fefbacb000 	C:\Windows\system32\WINNSI.DLL
0x000007fefb8e0000 - 0x000007fefb8f8000 	C:\Windows\system32\dhcpcsvc.DLL
0x000007fefb8c0000 - 0x000007fefb8d1000 	C:\Windows\system32\dhcpcsvc6.DLL
0x0000000073080000 - 0x0000000073091000 	C:\Program Files\Java\jdk1.8.0_181\jre\bin\nio.dll
0x0000000073030000 - 0x0000000073077000 	C:\Program Files\Java\jdk1.8.0_181\jre\bin\fontmanager.dll
0x000007feeb000000 - 0x000007feeb03f000 	C:\Program Files\WIDCOMM\Bluetooth Software\btmmhook.dll
0x0000000072fe0000 - 0x0000000073022000 	C:\Program Files\Java\jdk1.8.0_181\jre\bin\t2k.dll
0x000007fefed70000 - 0x000007fefee09000 	C:\Windows\system32\CLBCatQ.DLL

VM Arguments:
jvm_args: -Dfile.encoding=Cp1252 
java_command: TestGame
java_class_path (initial): C:\Program Files\Java\jdk1.8.0_181\jre\lib\resources.jar;C:\Program Files\Java\jdk1.8.0_181\jre\lib\rt.jar;C:\Program Files\Java\jdk1.8.0_181\jre\lib\jsse.jar;C:\Program Files\Java\jdk1.8.0_181\jre\lib\jce.jar;C:\Program Files\Java\jdk1.8.0_181\jre\lib\charsets.jar;C:\Program Files\Java\jdk1.8.0_181\jre\lib\jfr.jar;C:\Program Files\Java\jdk1.8.0_181\jre\lib\ext\access-bridge-64.jar;C:\Program Files\Java\jdk1.8.0_181\jre\lib\ext\cldrdata.jar;C:\Program Files\Java\jdk1.8.0_181\jre\lib\ext\dnsns.jar;C:\Program Files\Java\jdk1.8.0_181\jre\lib\ext\jaccess.jar;C:\Program Files\Java\jdk1.8.0_181\jre\lib\ext\jfxrt.jar;C:\Program Files\Java\jdk1.8.0_181\jre\lib\ext\localedata.jar;C:\Program Files\Java\jdk1.8.0_181\jre\lib\ext\nashorn.jar;C:\Program Files\Java\jdk1.8.0_181\jre\lib\ext\sunec.jar;C:\Program Files\Java\jdk1.8.0_181\jre\lib\ext\sunjce_provider.jar;C:\Program Files\Java\jdk1.8.0_181\jre\lib\ext\sunmscapi.jar;C:\Program Files\Java\jdk1.8.0_181\jre\lib\ext\sunpkcs11.jar;C:\Program Files\Java\jdk1.8.0_181\jre\lib\ext\zipfs.jar;D:\Java Files\StreetFighter2\bin
Launcher Type: SUN_STANDARD

Environment Variables:
PATH=C:/Program Files/Java/jre1.8.0_181/bin/server;C:/Program Files/Java/jre1.8.0_181/bin;C:/Program Files/Java/jre1.8.0_181/lib/amd64;C:\Program Files\Dell\DW WLAN Card;;C:\PROGRAM FILES (X86)\COMMON FILES\ORACLE\JAVA\JAVAPATH;C:\Windows\SYSTEM32;C:\Windows;C:\Windows\SYSTEM32\WBEM;C:\Windows\SYSTEM32\WINDOWSPOWERSHELL\V1.0\;;C:\PROGRAM FILES (X86)\BRACKETS\COMMAND;C:\Program Files\WIDCOMM\Bluetooth Software\;C:\Program Files\WIDCOMM\Bluetooth Software\syswow64;C:\PostgreSQL\pg10\bin;C:\Program Files\Java\jdk-10.0.2\bin;C:\Users\Manish\Desktop;
USERNAME=Manish
OS=Windows_NT
PROCESSOR_IDENTIFIER=Intel64 Family 6 Model 61 Stepping 4, GenuineIntel



---------------  S Y S T E M  ---------------

OS: Windows 7 , 64 bit Build 7601 (6.1.7601.17514)

CPU:total 4 (initial active 4) (2 cores per cpu, 2 threads per core) family 6 model 61 stepping 4, cmov, cx8, fxsr, mmx, sse, sse2, sse3, ssse3, sse4.1, sse4.2, popcnt, avx, avx2, aes, clmul, erms, 3dnowpref, lzcnt, ht, tsc, tscinvbit, bmi1, bmi2, adx

Memory: 4k page, physical 4103568k(81648k free), swap 16412428k(4616k free)

vm_info: Java HotSpot(TM) 64-Bit Server VM (25.181-b13) for windows-amd64 JRE (1.8.0_181-b13), built on Jul  7 2018 04:01:33 by "java_re" with MS VC++ 10.0 (VS2010)

time: Mon Sep 03 21:29:35 2018
elapsed time: 21 seconds (0d 0h 0m 21s)

