#
# There is insufficient memory for the Java Runtime Environment to continue.
# Native memory allocation (malloc) failed to allocate 1185296 bytes for Chunk::new
# Possible reasons:
#   The system is out of physical RAM or swap space
#   In 32 bit mode, the process size limit was hit
# Possible solutions:
#   Reduce memory load on the system
#   Increase physical memory or swap space
#   Check if swap backing store is full
#   Use 64 bit Java on a 64 bit OS
#   Decrease Java heap size (-Xmx/-Xms)
#   Decrease number of Java threads
#   Decrease Java thread stack sizes (-Xss)
#   Set larger code cache with -XX:ReservedCodeCacheSize=
# This output file may be truncated or incomplete.
#
#  Out of Memory Error (allocation.cpp:390), pid=5592, tid=0x0000000000000724
#
# JRE version: Java(TM) SE Runtime Environment (8.0_181-b13) (build 1.8.0_181-b13)
# Java VM: Java HotSpot(TM) 64-Bit Server VM (25.181-b13 mixed mode windows-amd64 compressed oops)
# Failed to write core dump. Minidumps are not enabled by default on client versions of Windows
#

---------------  T H R E A D  ---------------

Current thread (0x0000000054c45000):  JavaThread "C2 CompilerThread0" daemon [_thread_in_native, id=1828, stack(0x00000000563f0000,0x00000000564f0000)]

Stack: [0x00000000563f0000,0x00000000564f0000]
[error occurred during error reporting (printing stack bounds), id 0xc0000005]

Native frames: (J=compiled Java code, j=interpreted, Vv=VM code, C=native code)


Current CompileTask:
C2:  56492 1151   !   4       sun.awt.PostEventQueue::flush (168 bytes)


---------------  P R O C E S S  ---------------

Java Threads: ( => current thread )
  0x0000000001d0f000 JavaThread "DestroyJavaVM" [_thread_blocked, id=1232, stack(0x0000000001f60000,0x0000000002060000)]
  0x000000005720b000 JavaThread "AWT-EventQueue-0" [_thread_blocked, id=7516, stack(0x000000005a550000,0x000000005a650000)]
  0x0000000058330800 JavaThread "AWT-Shutdown" [_thread_blocked, id=2096, stack(0x000000005b710000,0x000000005b810000)]
  0x000000005779a800 JavaThread "TimerQueue" daemon [_thread_blocked, id=5532, stack(0x00000000580b0000,0x00000000581b0000)]
  0x00000000571ab000 JavaThread "Image Animator 3" daemon [_thread_blocked, id=6992, stack(0x00000000568f0000,0x00000000569f0000)]
  0x00000000568e9000 JavaThread "AWT-Windows" daemon [_thread_in_native, id=2360, stack(0x0000000057b50000,0x0000000057c50000)]
  0x00000000568e5000 JavaThread "Java2D Disposer" daemon [_thread_blocked, id=7816, stack(0x00000000579d0000,0x0000000057ad0000)]
  0x0000000056573800 JavaThread "Service Thread" daemon [_thread_blocked, id=4964, stack(0x0000000056e70000,0x0000000056f70000)]
  0x00000000564f5000 JavaThread "C1 CompilerThread2" daemon [_thread_blocked, id=4200, stack(0x0000000056ba0000,0x0000000056ca0000)]
  0x00000000564f4000 JavaThread "C2 CompilerThread1" daemon [_thread_blocked, id=7260, stack(0x00000000569f0000,0x0000000056af0000)]
=>0x0000000054c45000 JavaThread "C2 CompilerThread0" daemon [_thread_in_native, id=1828, stack(0x00000000563f0000,0x00000000564f0000)]
  0x0000000054c3f800 JavaThread "Attach Listener" daemon [_thread_blocked, id=7020, stack(0x0000000056200000,0x0000000056300000)]
  0x0000000054c4e000 JavaThread "Signal Dispatcher" daemon [_thread_blocked, id=6700, stack(0x0000000055d30000,0x0000000055e30000)]
  0x0000000054c2a800 JavaThread "Finalizer" daemon [_thread_blocked, id=6824, stack(0x0000000056000000,0x0000000056100000)]
  0x0000000054be3800 JavaThread "Reference Handler" daemon [_thread_blocked, id=5372, stack(0x0000000055e40000,0x0000000055f40000)]

Other Threads:
  0x0000000054bdc000 VMThread [stack: 0x0000000055ba0000,0x0000000055ca0000] [id=1028]
  0x000000005658e000 WatcherThread [stack: 0x0000000057040000,0x0000000057140000] [id=8168]

VM state:not at safepoint (normal execution)

VM Mutex/Monitor currently owned by a thread: None

Heap:
 PSYoungGen      total 133120K, used 50569K [0x00000000eb200000, 0x00000000f3600000, 0x0000000100000000)
  eden space 131072K, 38% used [0x00000000eb200000,0x00000000ee3624e0,0x00000000f3200000)
  from space 2048K, 0% used [0x00000000f3400000,0x00000000f3400000,0x00000000f3600000)
  to   space 2048K, 0% used [0x00000000f3200000,0x00000000f3200000,0x00000000f3400000)
 ParOldGen       total 294400K, used 254878K [0x00000000c1600000, 0x00000000d3580000, 0x00000000eb200000)
  object space 294400K, 86% used [0x00000000c1600000,0x00000000d0ee7be8,0x00000000d3580000)
 Metaspace       used 11286K, capacity 11490K, committed 11648K, reserved 1058816K
  class space    used 1286K, capacity 1353K, committed 1408K, reserved 1048576K

Card table byte_map: [0x00000000116f0000,0x00000000118f0000] byte_map_base: 0x00000000110e5000

Marking Bits: (ParMarkBitMap*) 0x000000006e092d00
 Begin Bits: [0x0000000012100000, 0x00000000130a8000)
 End Bits:   [0x00000000130a8000, 0x0000000014050000)

Polling page: 0x0000000000190000

CodeCache: size=245760Kb used=4409Kb max_used=4420Kb free=241350Kb
 bounds [0x0000000002330000, 0x0000000002790000, 0x0000000011330000]
 total_blobs=1630 nmethods=1141 adapters=401
 compilation: enabled

Compilation events (10 events):
Event: 38.577 Thread 0x0000000054c45000 nmethod 1145 0x000000000277f950 code [0x000000000277fb60, 0x0000000002780df0]
Event: 47.920 Thread 0x00000000564f5000 1146       3       sun.awt.image.GifFrame::<init> (56 bytes)
Event: 47.920 Thread 0x00000000564f5000 nmethod 1146 0x00000000024da210 code [0x00000000024da360, 0x00000000024da570]
Event: 47.925 Thread 0x00000000564f5000 1147   !   3       sun.awt.image.GifFrame::dispose (454 bytes)
Event: 47.927 Thread 0x00000000564f5000 nmethod 1147 0x000000000277d510 code [0x000000000277d740, 0x000000000277e698]
Event: 51.926 Thread 0x00000000564f4000 1149       4       java.util.concurrent.locks.AbstractQueuedSynchronizer::release (33 bytes)
Event: 51.929 Thread 0x00000000564f4000 nmethod 1149 0x000000000277bb50 code [0x000000000277bca0, 0x000000000277be68]
Event: 53.810 Thread 0x00000000564f5000 1150       1       java.util.HashMap::afterNodeRemoval (1 bytes)
Event: 53.810 Thread 0x00000000564f5000 nmethod 1150 0x00000000024b6110 code [0x00000000024b6260, 0x00000000024b6370]
Event: 54.774 Thread 0x0000000054c45000 1151   !   4       sun.awt.PostEventQueue::flush (168 bytes)

GC Heap History (10 events):
Event: 48.558 GC heap before
{Heap before GC invocations=133 (full 64):
 PSYoungGen      total 133120K, used 131072K [0x00000000eb200000, 0x00000000f3600000, 0x0000000100000000)
  eden space 131072K, 100% used [0x00000000eb200000,0x00000000f3200000,0x00000000f3200000)
  from space 2048K, 0% used [0x00000000f3400000,0x00000000f3400000,0x00000000f3600000)
  to   space 2048K, 4% used [0x00000000f3200000,0x00000000f3218000,0x00000000f3400000)
 ParOldGen       total 172032K, used 132610K [0x00000000c1600000, 0x00000000cbe00000, 0x00000000eb200000)
  object space 172032K, 77% used [0x00000000c1600000,0x00000000c9780bf8,0x00000000cbe00000)
 Metaspace       used 11286K, capacity 11490K, committed 11648K, reserved 1058816K
  class space    used 1286K, capacity 1353K, committed 1408K, reserved 1048576K
Event: 48.573 GC heap after
Heap after GC invocations=133 (full 64):
 PSYoungGen      total 133120K, used 122267K [0x00000000eb200000, 0x00000000f3600000, 0x0000000100000000)
  eden space 131072K, 93% used [0x00000000eb200000,0x00000000f2966ff0,0x00000000f3200000)
  from space 2048K, 0% used [0x00000000f3400000,0x00000000f3400000,0x00000000f3600000)
  to   space 2048K, 0% used [0x00000000f3200000,0x00000000f3200000,0x00000000f3400000)
 ParOldGen       total 172032K, used 132610K [0x00000000c1600000, 0x00000000cbe00000, 0x00000000eb200000)
  object space 172032K, 77% used [0x00000000c1600000,0x00000000c9780bf8,0x00000000cbe00000)
 Metaspace       used 11286K, capacity 11490K, committed 11648K, reserved 1058816K
  class space    used 1286K, capacity 1353K, committed 1408K, reserved 1048576K
}
Event: 49.591 GC heap before
{Heap before GC invocations=134 (full 64):
 PSYoungGen      total 133120K, used 131072K [0x00000000eb200000, 0x00000000f3600000, 0x0000000100000000)
  eden space 131072K, 100% used [0x00000000eb200000,0x00000000f3200000,0x00000000f3200000)
  from space 2048K, 0% used [0x00000000f3400000,0x00000000f3400000,0x00000000f3600000)
  to   space 2048K, 0% used [0x00000000f3200000,0x00000000f3200000,0x00000000f3400000)
 ParOldGen       total 172032K, used 132610K [0x00000000c1600000, 0x00000000cbe00000, 0x00000000eb200000)
  object space 172032K, 77% used [0x00000000c1600000,0x00000000c9780bf8,0x00000000cbe00000)
 Metaspace       used 11286K, capacity 11490K, committed 11648K, reserved 1058816K
  class space    used 1286K, capacity 1353K, committed 1408K, reserved 1048576K
Event: 49.593 GC heap after
Heap after GC invocations=134 (full 64):
 PSYoungGen      total 133120K, used 131072K [0x00000000eb200000, 0x00000000f3600000, 0x0000000100000000)
  eden space 131072K, 100% used [0x00000000eb200000,0x00000000f3200000,0x00000000f3200000)
  from space 2048K, 0% used [0x00000000f3400000,0x00000000f3400000,0x00000000f3600000)
  to   space 2048K, 4% used [0x00000000f3200000,0x00000000f3218000,0x00000000f3400000)
 ParOldGen       total 172032K, used 132618K [0x00000000c1600000, 0x00000000cbe00000, 0x00000000eb200000)
  object space 172032K, 77% used [0x00000000c1600000,0x00000000c9782bf8,0x00000000cbe00000)
 Metaspace       used 11286K, capacity 11490K, committed 11648K, reserved 1058816K
  class space    used 1286K, capacity 1353K, committed 1408K, reserved 1048576K
}
Event: 49.593 GC heap before
{Heap before GC invocations=135 (full 65):
 PSYoungGen      total 133120K, used 131072K [0x00000000eb200000, 0x00000000f3600000, 0x0000000100000000)
  eden space 131072K, 100% used [0x00000000eb200000,0x00000000f3200000,0x00000000f3200000)
  from space 2048K, 0% used [0x00000000f3400000,0x00000000f3400000,0x00000000f3600000)
  to   space 2048K, 4% used [0x00000000f3200000,0x00000000f3218000,0x00000000f3400000)
 ParOldGen       total 172032K, used 132618K [0x00000000c1600000, 0x00000000cbe00000, 0x00000000eb200000)
  object space 172032K, 77% used [0x00000000c1600000,0x00000000c9782bf8,0x00000000cbe00000)
 Metaspace       used 11286K, capacity 11490K, committed 11648K, reserved 1058816K
  class space    used 1286K, capacity 1353K, committed 1408K, reserved 1048576K
Event: 49.607 GC heap after
Heap after GC invocations=135 (full 65):
 PSYoungGen      total 133120K, used 122267K [0x00000000eb200000, 0x00000000f3600000, 0x0000000100000000)
  eden space 131072K, 93% used [0x00000000eb200000,0x00000000f2966c70,0x00000000f3200000)
  from space 2048K, 0% used [0x00000000f3400000,0x00000000f3400000,0x00000000f3600000)
  to   space 2048K, 0% used [0x00000000f3200000,0x00000000f3200000,0x00000000f3400000)
 ParOldGen       total 172032K, used 132611K [0x00000000c1600000, 0x00000000cbe00000, 0x00000000eb200000)
  object space 172032K, 77% used [0x00000000c1600000,0x00000000c9780c90,0x00000000cbe00000)
 Metaspace       used 11286K, capacity 11490K, committed 11648K, reserved 1058816K
  class space    used 1286K, capacity 1353K, committed 1408K, reserved 1048576K
}
Event: 50.625 GC heap before
{Heap before GC invocations=136 (full 65):
 PSYoungGen      total 133120K, used 131072K [0x00000000eb200000, 0x00000000f3600000, 0x0000000100000000)
  eden space 131072K, 100% used [0x00000000eb200000,0x00000000f3200000,0x00000000f3200000)
  from space 2048K, 0% used [0x00000000f3400000,0x00000000f3400000,0x00000000f3600000)
  to   space 2048K, 0% used [0x00000000f3200000,0x00000000f3200000,0x00000000f3400000)
 ParOldGen       total 172032K, used 132611K [0x00000000c1600000, 0x00000000cbe00000, 0x00000000eb200000)
  object space 172032K, 77% used [0x00000000c1600000,0x00000000c9780c90,0x00000000cbe00000)
 Metaspace       used 11286K, capacity 11490K, committed 11648K, reserved 1058816K
  class space    used 1286K, capacity 1353K, committed 1408K, reserved 1048576K
Event: 50.744 GC heap after
Heap after GC invocations=136 (full 65):
 PSYoungGen      total 133120K, used 131072K [0x00000000eb200000, 0x00000000f3600000, 0x0000000100000000)
  eden space 131072K, 100% used [0x00000000eb200000,0x00000000f3200000,0x00000000f3200000)
  from space 2048K, 0% used [0x00000000f3400000,0x00000000f3400000,0x00000000f3600000)
  to   space 2048K, 4% used [0x00000000f3200000,0x00000000f3218000,0x00000000f3400000)
 ParOldGen       total 294400K, used 254876K [0x00000000c1600000, 0x00000000d3580000, 0x00000000eb200000)
  object space 294400K, 86% used [0x00000000c1600000,0x00000000d0ee71d8,0x00000000d3580000)
 Metaspace       used 11286K, capacity 11490K, committed 11648K, reserved 1058816K
  class space    used 1286K, capacity 1353K, committed 1408K, reserved 1048576K
}
Event: 50.744 GC heap before
{Heap before GC invocations=137 (full 66):
 PSYoungGen      total 133120K, used 131072K [0x00000000eb200000, 0x00000000f3600000, 0x0000000100000000)
  eden space 131072K, 100% used [0x00000000eb200000,0x00000000f3200000,0x00000000f3200000)
  from space 2048K, 0% used [0x00000000f3400000,0x00000000f3400000,0x00000000f3600000)
  to   space 2048K, 4% used [0x00000000f3200000,0x00000000f3218000,0x00000000f3400000)
 ParOldGen       total 294400K, used 254876K [0x00000000c1600000, 0x00000000d3580000, 0x00000000eb200000)
  object space 294400K, 86% used [0x00000000c1600000,0x00000000d0ee71d8,0x00000000d3580000)
 Metaspace       used 11286K, capacity 11490K, committed 11648K, reserved 1058816K
  class space    used 1286K, capacity 1353K, committed 1408K, reserved 1048576K
Event: 50.809 GC heap after
Heap after GC invocations=137 (full 66):
 PSYoungGen      total 133120K, used 0K [0x00000000eb200000, 0x00000000f3600000, 0x0000000100000000)
  eden space 131072K, 0% used [0x00000000eb200000,0x00000000eb200000,0x00000000f3200000)
  from space 2048K, 0% used [0x00000000f3400000,0x00000000f3400000,0x00000000f3600000)
  to   space 2048K, 0% used [0x00000000f3200000,0x00000000f3200000,0x00000000f3400000)
 ParOldGen       total 294400K, used 254878K [0x00000000c1600000, 0x00000000d3580000, 0x00000000eb200000)
  object space 294400K, 86% used [0x00000000c1600000,0x00000000d0ee7be8,0x00000000d3580000)
 Metaspace       used 11286K, capacity 11490K, committed 11648K, reserved 1058816K
  class space    used 1286K, capacity 1353K, committed 1408K, reserved 1048576K
}

Deoptimization events (5 events):
Event: 3.805 Thread 0x0000000001d0f000 Uncommon trap: reason=class_check action=maybe_recompile pc=0x0000000002534434 method=java.io.BufferedInputStream.read1([BII)I @ 39
Event: 3.806 Thread 0x0000000001d0f000 Uncommon trap: reason=class_check action=maybe_recompile pc=0x0000000002534434 method=java.io.BufferedInputStream.read1([BII)I @ 39
Event: 3.806 Thread 0x0000000001d0f000 Uncommon trap: reason=class_check action=maybe_recompile pc=0x0000000002534434 method=java.io.BufferedInputStream.read1([BII)I @ 39
Event: 3.806 Thread 0x0000000001d0f000 Uncommon trap: reason=class_check action=maybe_recompile pc=0x0000000002534434 method=java.io.BufferedInputStream.read1([BII)I @ 39
Event: 7.064 Thread 0x00000000571ab000 Uncommon trap: reason=unstable_if action=reinterpret pc=0x000000000251f4c0 method=sun.awt.image.ByteInterleavedRaster.putByteData(IIII[B)V @ 79

Classes redefined (0 events):
No events

Internal exceptions (10 events):
Event: 1.346 Thread 0x0000000001d0f000 Exception <a 'java/lang/NoSuchMethodError': Method sun.misc.Unsafe.prefetchRead(Ljava/lang/Object;J)V name or signature does not match> (0x00000000eb207f98) thrown at [C:\re\workspace\8-2-build-windows-amd64-cygwin\jdk8u181\11358\hotspot\src\share\vm\prim
Event: 1.563 Thread 0x0000000001d0f000 Exception <a 'java/security/PrivilegedActionException'> (0x00000000eb29d9c8) thrown at [C:\re\workspace\8-2-build-windows-amd64-cygwin\jdk8u181\11358\hotspot\src\share\vm\prims\jvm.cpp, line 1435]
Event: 1.563 Thread 0x0000000001d0f000 Exception <a 'java/security/PrivilegedActionException'> (0x00000000eb29dbd8) thrown at [C:\re\workspace\8-2-build-windows-amd64-cygwin\jdk8u181\11358\hotspot\src\share\vm\prims\jvm.cpp, line 1435]
Event: 1.564 Thread 0x0000000001d0f000 Exception <a 'java/security/PrivilegedActionException'> (0x00000000eb2a1ae8) thrown at [C:\re\workspace\8-2-build-windows-amd64-cygwin\jdk8u181\11358\hotspot\src\share\vm\prims\jvm.cpp, line 1435]
Event: 1.564 Thread 0x0000000001d0f000 Exception <a 'java/security/PrivilegedActionException'> (0x00000000eb2a1cf8) thrown at [C:\re\workspace\8-2-build-windows-amd64-cygwin\jdk8u181\11358\hotspot\src\share\vm\prims\jvm.cpp, line 1435]
Event: 1.586 Thread 0x0000000001d0f000 Exception <a 'java/io/FileNotFoundException'> (0x00000000eb2a3dd8) thrown at [C:\re\workspace\8-2-build-windows-amd64-cygwin\jdk8u181\11358\hotspot\src\share\vm\prims\jni.cpp, line 709]
Event: 1.795 Thread 0x0000000001d0f000 Exception <a 'java/lang/NoSuchFieldError': method resolution failed> (0x00000000eb3c6aa0) thrown at [C:\re\workspace\8-2-build-windows-amd64-cygwin\jdk8u181\11358\hotspot\src\share\vm\prims\methodHandles.cpp, line 1167]
Event: 1.800 Thread 0x0000000001d0f000 Exception <a 'java/lang/NoSuchFieldError': method resolution failed> (0x00000000eb3d3e70) thrown at [C:\re\workspace\8-2-build-windows-amd64-cygwin\jdk8u181\11358\hotspot\src\share\vm\prims\methodHandles.cpp, line 1167]
Event: 2.303 Thread 0x0000000001d0f000 Exception <a 'java/io/FileNotFoundException'> (0x00000000eb46c2d8) thrown at [C:\re\workspace\8-2-build-windows-amd64-cygwin\jdk8u181\11358\hotspot\src\share\vm\prims\jni.cpp, line 709]
Event: 3.135 Thread 0x00000000571ab000 Exception <a 'java/lang/InterruptedException': sleep interrupted> (0x00000000eb69ec10) thrown at [C:\re\workspace\8-2-build-windows-amd64-cygwin\jdk8u181\11358\hotspot\src\share\vm\prims\jvm.cpp, line 3225]

Events (10 events):
Event: 46.601 Executing VM operation: ParallelGCFailedAllocation
Event: 46.617 Executing VM operation: ParallelGCFailedAllocation done
Event: 47.581 Executing VM operation: ParallelGCFailedAllocation
Event: 47.607 Executing VM operation: ParallelGCFailedAllocation done
Event: 48.555 Executing VM operation: ParallelGCFailedAllocation
Event: 48.573 Executing VM operation: ParallelGCFailedAllocation done
Event: 49.591 Executing VM operation: ParallelGCFailedAllocation
Event: 49.607 Executing VM operation: ParallelGCFailedAllocation done
Event: 50.625 Executing VM operation: ParallelGCFailedAllocation
Event: 50.809 Executing VM operation: ParallelGCFailedAllocation done


Dynamic libraries:
0x000000013f850000 - 0x000000013f887000 	C:\Program Files\Java\jdk1.8.0_181\bin\javaw.exe
0x0000000076d80000 - 0x0000000076f29000 	C:\Windows\SYSTEM32\ntdll.dll
0x0000000076b60000 - 0x0000000076c7f000 	C:\Windows\system32\kernel32.dll
0x000007fefcf70000 - 0x000007fefcfdb000 	C:\Windows\system32\KERNELBASE.dll
0x000007fefee30000 - 0x000007fefef0b000 	C:\Windows\system32\ADVAPI32.dll
0x000007fefdcd0000 - 0x000007fefdd6f000 	C:\Windows\system32\msvcrt.dll
0x000007fefd890000 - 0x000007fefd8af000 	C:\Windows\SYSTEM32\sechost.dll
0x000007fefd9d0000 - 0x000007fefdafd000 	C:\Windows\system32\RPCRT4.dll
0x0000000076c80000 - 0x0000000076d7a000 	C:\Windows\system32\USER32.dll
0x000007fefd280000 - 0x000007fefd2e7000 	C:\Windows\system32\GDI32.dll
0x000007fefed60000 - 0x000007fefed6e000 	C:\Windows\system32\LPK.dll
0x000007fefd3f0000 - 0x000007fefd4b9000 	C:\Windows\system32\USP10.dll
0x000007fefbd60000 - 0x000007fefbf54000 	C:\Windows\WinSxS\amd64_microsoft.windows.common-controls_6595b64144ccf1df_6.0.7601.17514_none_fa396087175ac9ac\COMCTL32.dll
0x000007fefd370000 - 0x000007fefd3e1000 	C:\Windows\system32\SHLWAPI.dll
0x000007fefd650000 - 0x000007fefd67e000 	C:\Windows\system32\IMM32.DLL
0x000007fefd8c0000 - 0x000007fefd9c9000 	C:\Windows\system32\MSCTF.dll
0x0000000073bf0000 - 0x0000000073cc2000 	C:\Program Files\Java\jdk1.8.0_181\jre\bin\msvcr100.dll
0x000000006d870000 - 0x000000006e112000 	C:\Program Files\Java\jdk1.8.0_181\jre\bin\server\jvm.dll
0x000007fef89a0000 - 0x000007fef89a9000 	C:\Windows\system32\WSOCK32.dll
0x000007fefd4c0000 - 0x000007fefd50d000 	C:\Windows\system32\WS2_32.dll
0x000007fefd8b0000 - 0x000007fefd8b8000 	C:\Windows\system32\NSI.dll
0x000007fefa680000 - 0x000007fefa6bb000 	C:\Windows\system32\WINMM.dll
0x000007fefb510000 - 0x000007fefb51c000 	C:\Windows\system32\VERSION.dll
0x0000000076f50000 - 0x0000000076f57000 	C:\Windows\system32\PSAPI.DLL
0x0000000074890000 - 0x000000007489f000 	C:\Program Files\Java\jdk1.8.0_181\jre\bin\verify.dll
0x0000000074860000 - 0x0000000074889000 	C:\Program Files\Java\jdk1.8.0_181\jre\bin\java.dll
0x0000000074840000 - 0x0000000074856000 	C:\Program Files\Java\jdk1.8.0_181\jre\bin\zip.dll
0x000007fefdd70000 - 0x000007fefeaf8000 	C:\Windows\system32\SHELL32.dll
0x000007fefd680000 - 0x000007fefd883000 	C:\Windows\system32\ole32.dll
0x000007fefccd0000 - 0x000007fefccdf000 	C:\Windows\system32\profapi.dll
0x00000000730a0000 - 0x0000000073239000 	C:\Program Files\Java\jdk1.8.0_181\jre\bin\awt.dll
0x000007fefd570000 - 0x000007fefd647000 	C:\Windows\system32\OLEAUT32.dll
0x000007fefb860000 - 0x000007fefb878000 	C:\Windows\system32\DWMAPI.DLL
0x000007fef0410000 - 0x000007fef052d000 	C:\Windows\system32\opengl32.dll
0x000007fef1760000 - 0x000007fef178d000 	C:\Windows\system32\GLU32.dll
0x000007fef0310000 - 0x000007fef0401000 	C:\Windows\system32\DDRAW.dll
0x000007fef1750000 - 0x000007fef1758000 	C:\Windows\system32\DCIMAN32.dll
0x000007fefd0a0000 - 0x000007fefd277000 	C:\Windows\system32\SETUPAPI.dll
0x000007fefcdc0000 - 0x000007fefcdf6000 	C:\Windows\system32\CFGMGR32.dll
0x000007fefd080000 - 0x000007fefd09a000 	C:\Windows\system32\DEVOBJ.dll
0x000007fefad40000 - 0x000007fefad96000 	C:\Windows\system32\uxtheme.dll
0x000007fefcc00000 - 0x000007fefcc0f000 	C:\Windows\system32\CRYPTBASE.dll
0x000007fefc4e0000 - 0x000007fefc4f7000 	C:\Windows\system32\CRYPTSP.dll
0x000007fefc1e0000 - 0x000007fefc227000 	C:\Windows\system32\rsaenh.dll
0x000007fefb700000 - 0x000007fefb71e000 	C:\Windows\system32\USERENV.dll
0x0000000073bd0000 - 0x0000000073bea000 	C:\Program Files\Java\jdk1.8.0_181\jre\bin\net.dll
0x000007fefc480000 - 0x000007fefc4d5000 	C:\Windows\system32\mswsock.dll
0x000007fefc470000 - 0x000007fefc477000 	C:\Windows\System32\wship6.dll
0x000007fefba70000 - 0x000007fefba97000 	C:\Windows\system32\IPHLPAPI.DLL
0x000007fefbac0000 - 0x000007fefbacb000 	C:\Windows\system32\WINNSI.DLL
0x000007fefb8e0000 - 0x000007fefb8f8000 	C:\Windows\system32\dhcpcsvc.DLL
0x000007fefb8c0000 - 0x000007fefb8d1000 	C:\Windows\system32\dhcpcsvc6.DLL
0x0000000073080000 - 0x0000000073091000 	C:\Program Files\Java\jdk1.8.0_181\jre\bin\nio.dll
0x0000000073030000 - 0x0000000073077000 	C:\Program Files\Java\jdk1.8.0_181\jre\bin\fontmanager.dll
0x000007feeb000000 - 0x000007feeb03f000 	C:\Program Files\WIDCOMM\Bluetooth Software\btmmhook.dll
0x0000000072fe0000 - 0x0000000073022000 	C:\Program Files\Java\jdk1.8.0_181\jre\bin\t2k.dll
0x000007fefed70000 - 0x000007fefee09000 	C:\Windows\system32\CLBCatQ.DLL
0x000007feeb040000 - 0x000007feeb064000 	C:\Program Files\WIDCOMM\Bluetooth Software\btkeyind.dll

VM Arguments:
jvm_args: -Dfile.encoding=Cp1252 
java_command: TestGame
java_class_path (initial): C:\Program Files\Java\jdk1.8.0_181\jre\lib\resources.jar;C:\Program Files\Java\jdk1.8.0_181\jre\lib\rt.jar;C:\Program Files\Java\jdk1.8.0_181\jre\lib\jsse.jar;C:\Program Files\Java\jdk1.8.0_181\jre\lib\jce.jar;C:\Program Files\Java\jdk1.8.0_181\jre\lib\charsets.jar;C:\Program Files\Java\jdk1.8.0_181\jre\lib\jfr.jar;C:\Program Files\Java\jdk1.8.0_181\jre\lib\ext\access-bridge-64.jar;C:\Program Files\Java\jdk1.8.0_181\jre\lib\ext\cldrdata.jar;C:\Program Files\Java\jdk1.8.0_181\jre\lib\ext\dnsns.jar;C:\Program Files\Java\jdk1.8.0_181\jre\lib\ext\jaccess.jar;C:\Program Files\Java\jdk1.8.0_181\jre\lib\ext\jfxrt.jar;C:\Program Files\Java\jdk1.8.0_181\jre\lib\ext\localedata.jar;C:\Program Files\Java\jdk1.8.0_181\jre\lib\ext\nashorn.jar;C:\Program Files\Java\jdk1.8.0_181\jre\lib\ext\sunec.jar;C:\Program Files\Java\jdk1.8.0_181\jre\lib\ext\sunjce_provider.jar;C:\Program Files\Java\jdk1.8.0_181\jre\lib\ext\sunmscapi.jar;C:\Program Files\Java\jdk1.8.0_181\jre\lib\ext\sunpkcs11.jar;C:\Program Files\Java\jdk1.8.0_181\jre\lib\ext\zipfs.jar;D:\Java Files\StreetFighter2\bin
Launcher Type: SUN_STANDARD

Environment Variables:
PATH=C:/Program Files/Java/jre1.8.0_181/bin/server;C:/Program Files/Java/jre1.8.0_181/bin;C:/Program Files/Java/jre1.8.0_181/lib/amd64;C:\Program Files\Dell\DW WLAN Card;;C:\PROGRAM FILES (X86)\COMMON FILES\ORACLE\JAVA\JAVAPATH;C:\Windows\SYSTEM32;C:\Windows;C:\Windows\SYSTEM32\WBEM;C:\Windows\SYSTEM32\WINDOWSPOWERSHELL\V1.0\;;C:\PROGRAM FILES (X86)\BRACKETS\COMMAND;C:\Program Files\WIDCOMM\Bluetooth Software\;C:\Program Files\WIDCOMM\Bluetooth Software\syswow64;C:\PostgreSQL\pg10\bin;C:\Program Files\Java\jdk-10.0.2\bin;C:\Users\Manish\Desktop;
USERNAME=Manish
OS=Windows_NT
PROCESSOR_IDENTIFIER=Intel64 Family 6 Model 61 Stepping 4, GenuineIntel



---------------  S Y S T E M  ---------------

OS: Windows 7 , 64 bit Build 7601 (6.1.7601.17514)

CPU:total 4 (initial active 4) (2 cores per cpu, 2 threads per core) family 6 model 61 stepping 4, cmov, cx8, fxsr, mmx, sse, sse2, sse3, ssse3, sse4.1, sse4.2, popcnt, avx, avx2, aes, clmul, erms, 3dnowpref, lzcnt, ht, tsc, tscinvbit, bmi1, bmi2, adx

Memory: 4k page, physical 4103568k(380936k free), swap 16412428k(10316k free)

vm_info: Java HotSpot(TM) 64-Bit Server VM (25.181-b13) for windows-amd64 JRE (1.8.0_181-b13), built on Jul  7 2018 04:01:33 by "java_re" with MS VC++ 10.0 (VS2010)

time: Mon Sep 03 21:17:13 2018
elapsed time: 56 seconds (0d 0h 0m 56s)

