#
# There is insufficient memory for the Java Runtime Environment to continue.
# Native memory allocation (malloc) failed to allocate 1048576 bytes for AllocateHeap
# Possible reasons:
#   The system is out of physical RAM or swap space
#   In 32 bit mode, the process size limit was hit
# Possible solutions:
#   Reduce memory load on the system
#   Increase physical memory or swap space
#   Check if swap backing store is full
#   Use 64 bit Java on a 64 bit OS
#   Decrease Java heap size (-Xmx/-Xms)
#   Decrease number of Java threads
#   Decrease Java thread stack sizes (-Xss)
#   Set larger code cache with -XX:ReservedCodeCacheSize=
# This output file may be truncated or incomplete.
#
#  Out of Memory Error (memory/allocation.inline.hpp:61), pid=7616, tid=0x0000000000001dd8
#
# JRE version:  (8.0_181-b13) (build )
# Java VM: Java HotSpot(TM) 64-Bit Server VM (25.181-b13 mixed mode windows-amd64 compressed oops)
# Failed to write core dump. Minidumps are not enabled by default on client versions of Windows
#

---------------  T H R E A D  ---------------

Current thread (0x0000000002482800):  JavaThread "Unknown thread" [_thread_in_vm, id=7640, stack(0x0000000002370000,0x0000000002470000)]

Stack: [0x0000000002370000,0x0000000002470000]
[error occurred during error reporting (printing stack bounds), id 0xc0000005]

Native frames: (J=compiled Java code, j=interpreted, Vv=VM code, C=native code)


---------------  P R O C E S S  ---------------

Java Threads: ( => current thread )

Other Threads:

=>0x0000000002482800 (exited) JavaThread "Unknown thread" [_thread_in_vm, id=7640, stack(0x0000000002370000,0x0000000002470000)]

VM state:not at safepoint (normal execution)

VM Mutex/Monitor currently owned by a thread: None

Heap:
 PSYoungGen      total 18944K, used 327K [0x00000000eb200000, 0x00000000ec700000, 0x0000000100000000)
  eden space 16384K, 2% used [0x00000000eb200000,0x00000000eb251ec8,0x00000000ec200000)
  from space 2560K, 0% used [0x00000000ec480000,0x00000000ec480000,0x00000000ec700000)
  to   space 2560K, 0% used [0x00000000ec200000,0x00000000ec200000,0x00000000ec480000)
 ParOldGen       total 44032K, used 0K [0x00000000c1600000, 0x00000000c4100000, 0x00000000eb200000)
  object space 44032K, 0% used [0x00000000c1600000,0x00000000c1600000,0x00000000c4100000)
 Metaspace       used 775K, capacity 4480K, committed 4480K, reserved 1056768K
  class space    used 76K, capacity 384K, committed 384K, reserved 1048576K

Card table byte_map: [0x0000000011940000,0x0000000011b40000] byte_map_base: 0x0000000011335000

Marking Bits: (ParMarkBitMap*) 0x0000000071252d00
 Begin Bits: [0x0000000012090000, 0x0000000013038000)
 End Bits:   [0x0000000013038000, 0x0000000013fe0000)

Polling page: 0x0000000000bb0000

CodeCache: size=245760Kb used=328Kb max_used=328Kb free=245431Kb
 bounds [0x0000000002580000, 0x00000000027f0000, 0x0000000011580000]
 total_blobs=58 nmethods=0 adapters=38
 compilation: enabled

Compilation events (0 events):
No events

GC Heap History (0 events):
No events

Deoptimization events (0 events):
No events

Classes redefined (0 events):
No events

Internal exceptions (0 events):
No events

Events (10 events):
Event: 0.123 loading class java/lang/Short
Event: 0.123 loading class java/lang/Short done
Event: 0.123 loading class java/lang/Integer
Event: 0.123 loading class java/lang/Integer done
Event: 0.123 loading class java/lang/Long
Event: 0.123 loading class java/lang/Long done
Event: 0.124 loading class java/lang/NullPointerException
Event: 0.124 loading class java/lang/NullPointerException done
Event: 0.124 loading class java/lang/ArithmeticException
Event: 0.124 loading class java/lang/ArithmeticException done


Dynamic libraries:
0x00007ff6184b0000 - 0x00007ff6184e7000 	C:\Program Files\Java\jdk1.8.0_181\bin\javaw.exe
0x00007ff8e1c50000 - 0x00007ff8e1e12000 	C:\Windows\SYSTEM32\ntdll.dll
0x00007ff8e19f0000 - 0x00007ff8e1a9d000 	C:\Windows\system32\KERNEL32.DLL
0x00007ff8df030000 - 0x00007ff8df20d000 	C:\Windows\system32\KERNELBASE.dll
0x00007ff8dfab0000 - 0x00007ff8dfb56000 	C:\Windows\system32\ADVAPI32.dll
0x00007ff8dfb60000 - 0x00007ff8dfbfd000 	C:\Windows\system32\msvcrt.dll
0x00007ff8e0110000 - 0x00007ff8e016b000 	C:\Windows\system32\sechost.dll
0x00007ff8df320000 - 0x00007ff8df446000 	C:\Windows\system32\RPCRT4.dll
0x00007ff8df510000 - 0x00007ff8df65e000 	C:\Windows\system32\USER32.dll
0x00007ff8dfdd0000 - 0x00007ff8dff55000 	C:\Windows\system32\GDI32.dll
0x00007ff8d7200000 - 0x00007ff8d7474000 	C:\Windows\WinSxS\amd64_microsoft.windows.common-controls_6595b64144ccf1df_6.0.10240.16384_none_f41f7b285750ef43\COMCTL32.dll
0x00007ff8e17a0000 - 0x00007ff8e17d6000 	C:\Windows\system32\IMM32.DLL
0x00007ff8dfc10000 - 0x00007ff8dfd6c000 	C:\Windows\system32\MSCTF.dll
0x0000000070950000 - 0x0000000070a22000 	C:\Program Files\Java\jdk1.8.0_181\jre\bin\msvcr100.dll
0x0000000070a30000 - 0x00000000712d2000 	C:\Program Files\Java\jdk1.8.0_181\jre\bin\server\jvm.dll
0x00007ff8df450000 - 0x00007ff8df458000 	C:\Windows\system32\PSAPI.DLL
0x00007ff8d9380000 - 0x00007ff8d93a3000 	C:\Windows\SYSTEM32\WINMM.dll
0x00007ff8d57d0000 - 0x00007ff8d57da000 	C:\Windows\SYSTEM32\VERSION.dll
0x00007ff8c5fe0000 - 0x00007ff8c5fe9000 	C:\Windows\SYSTEM32\WSOCK32.dll
0x00007ff8e0170000 - 0x00007ff8e01d9000 	C:\Windows\system32\WS2_32.dll
0x00007ff8dfc00000 - 0x00007ff8dfc08000 	C:\Windows\system32\NSI.dll
0x0000000000b80000 - 0x0000000000bac000 	C:\Windows\SYSTEM32\WINMMBASE.dll
0x00007ff8def20000 - 0x00007ff8def64000 	C:\Windows\system32\cfgmgr32.dll
0x00007ff8dcff0000 - 0x00007ff8dd017000 	C:\Windows\SYSTEM32\DEVOBJ.dll
0x0000000070940000 - 0x000000007094f000 	C:\Program Files\Java\jdk1.8.0_181\jre\bin\verify.dll
0x0000000070910000 - 0x0000000070939000 	C:\Program Files\Java\jdk1.8.0_181\jre\bin\java.dll
0x00000000708f0000 - 0x0000000070906000 	C:\Program Files\Java\jdk1.8.0_181\jre\bin\zip.dll

VM Arguments:
jvm_args: -Dfile.encoding=Cp1252 
java_command: MainTest
java_class_path (initial): C:\Program Files\Java\jdk1.8.0_181\jre\lib\resources.jar;C:\Program Files\Java\jdk1.8.0_181\jre\lib\rt.jar;C:\Program Files\Java\jdk1.8.0_181\jre\lib\jsse.jar;C:\Program Files\Java\jdk1.8.0_181\jre\lib\jce.jar;C:\Program Files\Java\jdk1.8.0_181\jre\lib\charsets.jar;C:\Program Files\Java\jdk1.8.0_181\jre\lib\jfr.jar;C:\Program Files\Java\jdk1.8.0_181\jre\lib\ext\access-bridge-64.jar;C:\Program Files\Java\jdk1.8.0_181\jre\lib\ext\cldrdata.jar;C:\Program Files\Java\jdk1.8.0_181\jre\lib\ext\dnsns.jar;C:\Program Files\Java\jdk1.8.0_181\jre\lib\ext\jaccess.jar;C:\Program Files\Java\jdk1.8.0_181\jre\lib\ext\jfxrt.jar;C:\Program Files\Java\jdk1.8.0_181\jre\lib\ext\localedata.jar;C:\Program Files\Java\jdk1.8.0_181\jre\lib\ext\nashorn.jar;C:\Program Files\Java\jdk1.8.0_181\jre\lib\ext\sunec.jar;C:\Program Files\Java\jdk1.8.0_181\jre\lib\ext\sunjce_provider.jar;C:\Program Files\Java\jdk1.8.0_181\jre\lib\ext\sunmscapi.jar;C:\Program Files\Java\jdk1.8.0_181\jre\lib\ext\sunpkcs11.jar;C:\Program Files\Java\jdk1.8.0_181\jre\lib\ext\zipfs.jar;D:\Java Files\RoadFighter\bin
Launcher Type: SUN_STANDARD

Environment Variables:
PATH=C:/Program Files/Java/jdk1.8.0_181/bin/../jre/bin/server;C:/Program Files/Java/jdk1.8.0_181/bin/../jre/bin;C:/Program Files/Java/jdk1.8.0_181/bin/../jre/lib/amd64;C:\Windows\system32;C:\Windows;C:\Windows\System32\Wbem;C:\Windows\System32\WindowsPowerShell\v1.0\;C:\Program Files\Java\jdk1.8.0_181\bin;D:\eclipse;
USERNAME=Manish
OS=Windows_NT
PROCESSOR_IDENTIFIER=Intel64 Family 6 Model 61 Stepping 4, GenuineIntel



---------------  S Y S T E M  ---------------

OS: Windows 10.0 , 64 bit Build 10240 (10.0.10240.16384)

CPU:total 4 (initial active 4) (2 cores per cpu, 2 threads per core) family 6 model 61 stepping 4, cmov, cx8, fxsr, mmx, sse, sse2, sse3, ssse3, sse4.1, sse4.2, popcnt, avx, avx2, aes, clmul, erms, 3dnowpref, lzcnt, ht, tsc, tscinvbit, bmi1, bmi2, adx

Memory: 4k page, physical 4103568k(588712k free), swap 16686480k(5572k free)

vm_info: Java HotSpot(TM) 64-Bit Server VM (25.181-b13) for windows-amd64 JRE (1.8.0_181-b13), built on Jul  7 2018 04:01:33 by "java_re" with MS VC++ 10.0 (VS2010)

time: Tue Aug 28 23:02:59 2018
elapsed time: 0 seconds (0d 0h 0m 0s)

