#
# There is insufficient memory for the Java Runtime Environment to continue.
# Native memory allocation (malloc) failed to allocate 1597296 bytes for Chunk::new
# Possible reasons:
#   The system is out of physical RAM or swap space
#   In 32 bit mode, the process size limit was hit
# Possible solutions:
#   Reduce memory load on the system
#   Increase physical memory or swap space
#   Check if swap backing store is full
#   Use 64 bit Java on a 64 bit OS
#   Decrease Java heap size (-Xmx/-Xms)
#   Decrease number of Java threads
#   Decrease Java thread stack sizes (-Xss)
#   Set larger code cache with -XX:ReservedCodeCacheSize=
# This output file may be truncated or incomplete.
#
#  Out of Memory Error (allocation.cpp:390), pid=8324, tid=0x00000000000012a4
#
# JRE version: Java(TM) SE Runtime Environment (8.0_181-b13) (build 1.8.0_181-b13)
# Java VM: Java HotSpot(TM) 64-Bit Server VM (25.181-b13 mixed mode windows-amd64 compressed oops)
# Failed to write core dump. Minidumps are not enabled by default on client versions of Windows
#

---------------  T H R E A D  ---------------

Current thread (0x0000000014863800):  JavaThread "C2 CompilerThread1" daemon [_thread_in_native, id=4772, stack(0x0000000015f60000,0x0000000016060000)]

Stack: [0x0000000015f60000,0x0000000016060000]
[error occurred during error reporting (printing stack bounds), id 0xc0000005]

Native frames: (J=compiled Java code, j=interpreted, Vv=VM code, C=native code)


Current CompileTask:
C2:   1979  395       4       javax.imageio.stream.FileCacheImageInputStream::readUntil (122 bytes)


---------------  P R O C E S S  ---------------

Java Threads: ( => current thread )
  0x00000000164e8000 JavaThread "AWT-Windows" daemon [_thread_in_native, id=8396, stack(0x0000000016dd0000,0x0000000016ed0000)]
  0x000000001654c800 JavaThread "Java2D Disposer" daemon [_thread_blocked, id=8404, stack(0x0000000016bd0000,0x0000000016cd0000)]
  0x0000000016188800 JavaThread "Service Thread" daemon [_thread_blocked, id=8480, stack(0x0000000016560000,0x0000000016660000)]
  0x0000000014869800 JavaThread "C1 CompilerThread2" daemon [_thread_blocked, id=8492, stack(0x0000000016060000,0x0000000016160000)]
=>0x0000000014863800 JavaThread "C2 CompilerThread1" daemon [_thread_in_native, id=4772, stack(0x0000000015f60000,0x0000000016060000)]
  0x000000001480e000 JavaThread "C2 CompilerThread0" daemon [_thread_in_native, id=8476, stack(0x0000000015e60000,0x0000000015f60000)]
  0x000000001480d000 JavaThread "Attach Listener" daemon [_thread_blocked, id=8484, stack(0x0000000015d60000,0x0000000015e60000)]
  0x000000001480b800 JavaThread "Signal Dispatcher" daemon [_thread_blocked, id=8368, stack(0x0000000015c60000,0x0000000015d60000)]
  0x000000000220d800 JavaThread "Finalizer" daemon [_thread_blocked, id=8364, stack(0x0000000015a80000,0x0000000015b80000)]
  0x00000000147d9000 JavaThread "Reference Handler" daemon [_thread_blocked, id=8360, stack(0x0000000015980000,0x0000000015a80000)]
  0x0000000002112800 JavaThread "main" [_thread_in_native, id=8104, stack(0x0000000001fa0000,0x00000000020a0000)]

Other Threads:
  0x00000000147d7800 VMThread [stack: 0x0000000015880000,0x0000000015980000] [id=8356]
  0x000000001617c800 WatcherThread [stack: 0x0000000016660000,0x0000000016760000] [id=8376]

VM state:not at safepoint (normal execution)

VM Mutex/Monitor currently owned by a thread: None

Heap:
 PSYoungGen      total 33280K, used 26446K [0x00000000eb200000, 0x00000000ee080000, 0x0000000100000000)
  eden space 30720K, 86% used [0x00000000eb200000,0x00000000ecbd3bf0,0x00000000ed000000)
  from space 2560K, 0% used [0x00000000ed000000,0x00000000ed000000,0x00000000ed280000)
  to   space 2560K, 0% used [0x00000000ede00000,0x00000000ede00000,0x00000000ee080000)
 ParOldGen       total 73216K, used 69182K [0x00000000c1600000, 0x00000000c5d80000, 0x00000000eb200000)
  object space 73216K, 94% used [0x00000000c1600000,0x00000000c598f9c8,0x00000000c5d80000)
 Metaspace       used 8206K, capacity 8374K, committed 8576K, reserved 1056768K
  class space    used 945K, capacity 1027K, committed 1152K, reserved 1048576K

Card table byte_map: [0x00000000115d0000,0x00000000117d0000] byte_map_base: 0x0000000010fc5000

Marking Bits: (ParMarkBitMap*) 0x0000000067e82d00
 Begin Bits: [0x0000000011d20000, 0x0000000012cc8000)
 End Bits:   [0x0000000012cc8000, 0x0000000013c70000)

Polling page: 0x0000000001f50000

CodeCache: size=245760Kb used=1996Kb max_used=1999Kb free=243763Kb
 bounds [0x0000000002210000, 0x0000000002480000, 0x0000000011210000]
 total_blobs=810 nmethods=400 adapters=323
 compilation: enabled

Compilation events (10 events):
Event: 1.841 Thread 0x000000001480e000 nmethod 397 0x00000000023f72d0 code [0x00000000023f7400, 0x00000000023f7498]
Event: 1.867 Thread 0x000000001480e000  398       4       java.io.BufferedInputStream::read1 (108 bytes)
Event: 1.895 Thread 0x0000000014869800  399       3       java.io.File::isInvalid (47 bytes)
Event: 1.896 Thread 0x0000000014869800 nmethod 399 0x0000000002400150 code [0x00000000024002c0, 0x00000000024006e8]
Event: 1.897 Thread 0x0000000014869800  400       3       sun.nio.cs.UTF_8$Encoder::encode (359 bytes)
Event: 1.899 Thread 0x0000000014869800 nmethod 400 0x0000000002401250 code [0x0000000002401440, 0x0000000002401f58]
Event: 1.899 Thread 0x0000000014869800  401       3       java.util.HashMap$HashIterator::<init> (79 bytes)
Event: 1.899 Thread 0x0000000014869800 nmethod 401 0x0000000002404a10 code [0x0000000002404b80, 0x0000000002404f10]
Event: 1.899 Thread 0x0000000014869800  402       3       java.lang.ThreadLocal::getMap (5 bytes)
Event: 1.899 Thread 0x0000000014869800 nmethod 402 0x00000000023ffd90 code [0x00000000023ffee0, 0x0000000002400030]

GC Heap History (10 events):
Event: 0.767 GC heap after
Heap after GC invocations=5 (full 2):
 PSYoungGen      total 33280K, used 0K [0x00000000eb200000, 0x00000000ee080000, 0x0000000100000000)
  eden space 30720K, 0% used [0x00000000eb200000,0x00000000eb200000,0x00000000ed000000)
  from space 2560K, 0% used [0x00000000ed000000,0x00000000ed000000,0x00000000ed280000)
  to   space 2560K, 0% used [0x00000000ede00000,0x00000000ede00000,0x00000000ee080000)
 ParOldGen       total 73216K, used 9882K [0x00000000c1600000, 0x00000000c5d80000, 0x00000000eb200000)
  object space 73216K, 13% used [0x00000000c1600000,0x00000000c1fa6ad8,0x00000000c5d80000)
 Metaspace       used 8192K, capacity 8374K, committed 8576K, reserved 1056768K
  class space    used 944K, capacity 1027K, committed 1152K, reserved 1048576K
}
Event: 1.219 GC heap before
{Heap before GC invocations=6 (full 3):
 PSYoungGen      total 33280K, used 30720K [0x00000000eb200000, 0x00000000ee080000, 0x0000000100000000)
  eden space 30720K, 100% used [0x00000000eb200000,0x00000000ed000000,0x00000000ed000000)
  from space 2560K, 0% used [0x00000000ed000000,0x00000000ed000000,0x00000000ed280000)
  to   space 2560K, 0% used [0x00000000ede00000,0x00000000ede00000,0x00000000ee080000)
 ParOldGen       total 73216K, used 69203K [0x00000000c1600000, 0x00000000c5d80000, 0x00000000eb200000)
  object space 73216K, 94% used [0x00000000c1600000,0x00000000c5994c28,0x00000000c5d80000)
 Metaspace       used 8200K, capacity 8374K, committed 8576K, reserved 1056768K
  class space    used 944K, capacity 1027K, committed 1152K, reserved 1048576K
Event: 1.258 GC heap after
Heap after GC invocations=6 (full 3):
 PSYoungGen      total 33280K, used 0K [0x00000000eb200000, 0x00000000ee080000, 0x0000000100000000)
  eden space 30720K, 0% used [0x00000000eb200000,0x00000000eb200000,0x00000000ed000000)
  from space 2560K, 0% used [0x00000000ed000000,0x00000000ed000000,0x00000000ed280000)
  to   space 2560K, 0% used [0x00000000ede00000,0x00000000ede00000,0x00000000ee080000)
 ParOldGen       total 73216K, used 69209K [0x00000000c1600000, 0x00000000c5d80000, 0x00000000eb200000)
  object space 73216K, 94% used [0x00000000c1600000,0x00000000c5996650,0x00000000c5d80000)
 Metaspace       used 8200K, capacity 8374K, committed 8576K, reserved 1056768K
  class space    used 944K, capacity 1027K, committed 1152K, reserved 1048576K
}
Event: 1.683 GC heap before
{Heap before GC invocations=7 (full 4):
 PSYoungGen      total 33280K, used 30463K [0x00000000eb200000, 0x00000000ee080000, 0x0000000100000000)
  eden space 30720K, 99% used [0x00000000eb200000,0x00000000ecfbfe00,0x00000000ed000000)
  from space 2560K, 0% used [0x00000000ed000000,0x00000000ed000000,0x00000000ed280000)
  to   space 2560K, 0% used [0x00000000ede00000,0x00000000ede00000,0x00000000ee080000)
 ParOldGen       total 73216K, used 69209K [0x00000000c1600000, 0x00000000c5d80000, 0x00000000eb200000)
  object space 73216K, 94% used [0x00000000c1600000,0x00000000c5996650,0x00000000c5d80000)
 Metaspace       used 8203K, capacity 8374K, committed 8576K, reserved 1056768K
  class space    used 945K, capacity 1027K, committed 1152K, reserved 1048576K
Event: 1.712 GC heap after
Heap after GC invocations=7 (full 4):
 PSYoungGen      total 33280K, used 0K [0x00000000eb200000, 0x00000000ee080000, 0x0000000100000000)
  eden space 30720K, 0% used [0x00000000eb200000,0x00000000eb200000,0x00000000ed000000)
  from space 2560K, 0% used [0x00000000ed000000,0x00000000ed000000,0x00000000ed280000)
  to   space 2560K, 0% used [0x00000000ede00000,0x00000000ede00000,0x00000000ee080000)
 ParOldGen       total 73216K, used 69220K [0x00000000c1600000, 0x00000000c5d80000, 0x00000000eb200000)
  object space 73216K, 94% used [0x00000000c1600000,0x00000000c5999368,0x00000000c5d80000)
 Metaspace       used 8203K, capacity 8374K, committed 8576K, reserved 1056768K
  class space    used 945K, capacity 1027K, committed 1152K, reserved 1048576K
}
Event: 1.818 GC heap before
{Heap before GC invocations=8 (full 5):
 PSYoungGen      total 33280K, used 30720K [0x00000000eb200000, 0x00000000ee080000, 0x0000000100000000)
  eden space 30720K, 100% used [0x00000000eb200000,0x00000000ed000000,0x00000000ed000000)
  from space 2560K, 0% used [0x00000000ed000000,0x00000000ed000000,0x00000000ed280000)
  to   space 2560K, 0% used [0x00000000ede00000,0x00000000ede00000,0x00000000ee080000)
 ParOldGen       total 73216K, used 69220K [0x00000000c1600000, 0x00000000c5d80000, 0x00000000eb200000)
  object space 73216K, 94% used [0x00000000c1600000,0x00000000c5999368,0x00000000c5d80000)
 Metaspace       used 8204K, capacity 8374K, committed 8576K, reserved 1056768K
  class space    used 945K, capacity 1027K, committed 1152K, reserved 1048576K
Event: 1.840 GC heap after
Heap after GC invocations=8 (full 5):
 PSYoungGen      total 33280K, used 17391K [0x00000000eb200000, 0x00000000ee080000, 0x0000000100000000)
  eden space 30720K, 56% used [0x00000000eb200000,0x00000000ec2fbc20,0x00000000ed000000)
  from space 2560K, 0% used [0x00000000ed000000,0x00000000ed000000,0x00000000ed280000)
  to   space 2560K, 0% used [0x00000000ede00000,0x00000000ede00000,0x00000000ee080000)
 ParOldGen       total 73216K, used 69182K [0x00000000c1600000, 0x00000000c5d80000, 0x00000000eb200000)
  object space 73216K, 94% used [0x00000000c1600000,0x00000000c598fb90,0x00000000c5d80000)
 Metaspace       used 8204K, capacity 8374K, committed 8576K, reserved 1056768K
  class space    used 945K, capacity 1027K, committed 1152K, reserved 1048576K
}
Event: 1.902 GC heap before
{Heap before GC invocations=9 (full 6):
 PSYoungGen      total 33280K, used 22293K [0x00000000eb200000, 0x00000000ee080000, 0x0000000100000000)
  eden space 30720K, 72% used [0x00000000eb200000,0x00000000ec7c5498,0x00000000ed000000)
  from space 2560K, 0% used [0x00000000ed000000,0x00000000ed000000,0x00000000ed280000)
  to   space 2560K, 0% used [0x00000000ede00000,0x00000000ede00000,0x00000000ee080000)
 ParOldGen       total 73216K, used 69182K [0x00000000c1600000, 0x00000000c5d80000, 0x00000000eb200000)
  object space 73216K, 94% used [0x00000000c1600000,0x00000000c598fb90,0x00000000c5d80000)
 Metaspace       used 8206K, capacity 8374K, committed 8576K, reserved 1056768K
  class space    used 945K, capacity 1027K, committed 1152K, reserved 1048576K
Event: 1.912 GC heap after
Heap after GC invocations=9 (full 6):
 PSYoungGen      total 33280K, used 17367K [0x00000000eb200000, 0x00000000ee080000, 0x0000000100000000)
  eden space 30720K, 56% used [0x00000000eb200000,0x00000000ec2f5ea8,0x00000000ed000000)
  from space 2560K, 0% used [0x00000000ed000000,0x00000000ed000000,0x00000000ed280000)
  to   space 2560K, 0% used [0x00000000ede00000,0x00000000ede00000,0x00000000ee080000)
 ParOldGen       total 73216K, used 69182K [0x00000000c1600000, 0x00000000c5d80000, 0x00000000eb200000)
  object space 73216K, 94% used [0x00000000c1600000,0x00000000c598f9c8,0x00000000c5d80000)
 Metaspace       used 8206K, capacity 8374K, committed 8576K, reserved 1056768K
  class space    used 945K, capacity 1027K, committed 1152K, reserved 1048576K
}
Event: 1.963 GC heap before
{Heap before GC invocations=10 (full 7):
 PSYoungGen      total 33280K, used 30720K [0x00000000eb200000, 0x00000000ee080000, 0x0000000100000000)
  eden space 30720K, 100% used [0x00000000eb200000,0x00000000ed000000,0x00000000ed000000)
  from space 2560K, 0% used [0x00000000ed000000,0x00000000ed000000,0x00000000ed280000)
  to   space 2560K, 0% used [0x00000000ede00000,0x00000000ede00000,0x00000000ee080000)
 ParOldGen       total 73216K, used 69182K [0x00000000c1600000, 0x00000000c5d80000, 0x00000000eb200000)
  object space 73216K, 94% used [0x00000000c1600000,0x00000000c598f9c8,0x00000000c5d80000)
 Metaspace       used 8206K, capacity 8374K, committed 8576K, reserved 1056768K
  class space    used 945K, capacity 1027K, committed 1152K, reserved 1048576K

Deoptimization events (3 events):
Event: 0.784 Thread 0x0000000002112800 Uncommon trap: reason=unstable_if action=reinterpret pc=0x00000000023d901c method=sun.awt.image.ByteInterleavedRaster.putByteData(IIII[B)V @ 395
Event: 1.648 Thread 0x0000000002112800 Uncommon trap: reason=unstable_if action=reinterpret pc=0x00000000023fe9b8 method=java.io.BufferedInputStream.read([BII)I @ 104
Event: 1.649 Thread 0x0000000002112800 Uncommon trap: reason=unstable_if action=reinterpret pc=0x00000000023fcb44 method=java.io.BufferedInputStream.fill()V @ 219

Classes redefined (0 events):
No events

Internal exceptions (10 events):
Event: 0.050 Thread 0x0000000002112800 Exception <a 'java/lang/NoSuchMethodError': Method sun.misc.Unsafe.defineClass(Ljava/lang/String;[BII)Ljava/lang/Class; name or signature does not match> (0x00000000eb207cb0) thrown at [C:\re\workspace\8-2-build-windows-amd64-cygwin\jdk8u181\11358\hotspot
Event: 0.050 Thread 0x0000000002112800 Exception <a 'java/lang/NoSuchMethodError': Method sun.misc.Unsafe.prefetchRead(Ljava/lang/Object;J)V name or signature does not match> (0x00000000eb207f98) thrown at [C:\re\workspace\8-2-build-windows-amd64-cygwin\jdk8u181\11358\hotspot\src\share\vm\prim
Event: 0.221 Thread 0x0000000002112800 Exception <a 'java/security/PrivilegedActionException'> (0x00000000eb29db28) thrown at [C:\re\workspace\8-2-build-windows-amd64-cygwin\jdk8u181\11358\hotspot\src\share\vm\prims\jvm.cpp, line 1435]
Event: 0.221 Thread 0x0000000002112800 Exception <a 'java/security/PrivilegedActionException'> (0x00000000eb29dd38) thrown at [C:\re\workspace\8-2-build-windows-amd64-cygwin\jdk8u181\11358\hotspot\src\share\vm\prims\jvm.cpp, line 1435]
Event: 0.222 Thread 0x0000000002112800 Exception <a 'java/security/PrivilegedActionException'> (0x00000000eb2a1c48) thrown at [C:\re\workspace\8-2-build-windows-amd64-cygwin\jdk8u181\11358\hotspot\src\share\vm\prims\jvm.cpp, line 1435]
Event: 0.222 Thread 0x0000000002112800 Exception <a 'java/security/PrivilegedActionException'> (0x00000000eb2a1e58) thrown at [C:\re\workspace\8-2-build-windows-amd64-cygwin\jdk8u181\11358\hotspot\src\share\vm\prims\jvm.cpp, line 1435]
Event: 0.245 Thread 0x0000000002112800 Exception <a 'java/io/FileNotFoundException'> (0x00000000eb2f5ed8) thrown at [C:\re\workspace\8-2-build-windows-amd64-cygwin\jdk8u181\11358\hotspot\src\share\vm\prims\jni.cpp, line 709]
Event: 0.304 Thread 0x0000000002112800 Exception <a 'java/lang/NoSuchFieldError': method resolution failed> (0x00000000eb3c6b30) thrown at [C:\re\workspace\8-2-build-windows-amd64-cygwin\jdk8u181\11358\hotspot\src\share\vm\prims\methodHandles.cpp, line 1167]
Event: 0.308 Thread 0x0000000002112800 Exception <a 'java/lang/NoSuchFieldError': method resolution failed> (0x00000000eb3d3f00) thrown at [C:\re\workspace\8-2-build-windows-amd64-cygwin\jdk8u181\11358\hotspot\src\share\vm\prims\methodHandles.cpp, line 1167]
Event: 0.379 Thread 0x0000000002112800 Exception <a 'java/io/FileNotFoundException'> (0x00000000eb46c3a8) thrown at [C:\re\workspace\8-2-build-windows-amd64-cygwin\jdk8u181\11358\hotspot\src\share\vm\prims\jni.cpp, line 709]

Events (10 events):
Event: 1.649 Thread 0x0000000002112800 Uncommon trap: trap_request=0xffffff65 fr.pc=0x00000000023fcb44
Event: 1.649 Thread 0x0000000002112800 DEOPT PACKING pc=0x00000000023fcb44 sp=0x000000000209e4e0
Event: 1.649 Thread 0x0000000002112800 DEOPT UNPACKING pc=0x000000000225583b sp=0x000000000209e498 mode 2
Event: 1.683 Executing VM operation: ParallelGCFailedAllocation
Event: 1.712 Executing VM operation: ParallelGCFailedAllocation done
Event: 1.818 Executing VM operation: ParallelGCFailedAllocation
Event: 1.840 Executing VM operation: ParallelGCFailedAllocation done
Event: 1.902 Executing VM operation: ParallelGCFailedAllocation
Event: 1.912 Executing VM operation: ParallelGCFailedAllocation done
Event: 1.962 Executing VM operation: ParallelGCFailedAllocation


Dynamic libraries:
0x00007ff67a250000 - 0x00007ff67a287000 	C:\Program Files\Java\jdk1.8.0_181\bin\javaw.exe
0x00007ff99fc90000 - 0x00007ff99fe52000 	C:\Windows\SYSTEM32\ntdll.dll
0x00007ff99e8f0000 - 0x00007ff99e99d000 	C:\Windows\system32\KERNEL32.DLL
0x00007ff99d180000 - 0x00007ff99d35d000 	C:\Windows\system32\KERNELBASE.dll
0x00007ff99ec20000 - 0x00007ff99ecc6000 	C:\Windows\system32\ADVAPI32.dll
0x00007ff99f990000 - 0x00007ff99fa2d000 	C:\Windows\system32\msvcrt.dll
0x00007ff99f350000 - 0x00007ff99f3ab000 	C:\Windows\system32\sechost.dll
0x00007ff99f770000 - 0x00007ff99f896000 	C:\Windows\system32\RPCRT4.dll
0x00007ff99eec0000 - 0x00007ff99f00e000 	C:\Windows\system32\USER32.dll
0x00007ff99ed30000 - 0x00007ff99eeb5000 	C:\Windows\system32\GDI32.dll
0x00007ff992fd0000 - 0x00007ff993244000 	C:\Windows\WinSxS\amd64_microsoft.windows.common-controls_6595b64144ccf1df_6.0.10240.16384_none_f41f7b285750ef43\COMCTL32.dll
0x00007ff99fb90000 - 0x00007ff99fbc6000 	C:\Windows\system32\IMM32.DLL
0x00007ff99f3b0000 - 0x00007ff99f50c000 	C:\Windows\system32\MSCTF.dll
0x0000000067580000 - 0x0000000067652000 	C:\Program Files\Java\jdk1.8.0_181\jre\bin\msvcr100.dll
0x0000000067660000 - 0x0000000067f02000 	C:\Program Files\Java\jdk1.8.0_181\jre\bin\server\jvm.dll
0x00007ff99f8a0000 - 0x00007ff99f8a8000 	C:\Windows\system32\PSAPI.DLL
0x00007ff995690000 - 0x00007ff9956b3000 	C:\Windows\SYSTEM32\WINMM.dll
0x00007ff991260000 - 0x00007ff99126a000 	C:\Windows\SYSTEM32\VERSION.dll
0x00007ff99ae70000 - 0x00007ff99ae79000 	C:\Windows\SYSTEM32\WSOCK32.dll
0x00007ff99fb20000 - 0x00007ff99fb89000 	C:\Windows\system32\WS2_32.dll
0x00007ff99f010000 - 0x00007ff99f018000 	C:\Windows\system32\NSI.dll
0x00007ff995660000 - 0x00007ff99568c000 	C:\Windows\SYSTEM32\WINMMBASE.dll
0x00007ff99c7c0000 - 0x00007ff99c804000 	C:\Windows\system32\cfgmgr32.dll
0x00007ff99af90000 - 0x00007ff99afb7000 	C:\Windows\SYSTEM32\DEVOBJ.dll
0x0000000067570000 - 0x000000006757f000 	C:\Program Files\Java\jdk1.8.0_181\jre\bin\verify.dll
0x0000000067540000 - 0x0000000067569000 	C:\Program Files\Java\jdk1.8.0_181\jre\bin\java.dll
0x0000000067520000 - 0x0000000067536000 	C:\Program Files\Java\jdk1.8.0_181\jre\bin\zip.dll
0x00007ff99d360000 - 0x00007ff99e885000 	C:\Windows\system32\SHELL32.dll
0x00007ff99c9e0000 - 0x00007ff99d008000 	C:\Windows\system32\windows.storage.dll
0x00007ff99e9a0000 - 0x00007ff99ec1c000 	C:\Windows\system32\combase.dll
0x00007ff99fa50000 - 0x00007ff99faa1000 	C:\Windows\system32\shlwapi.dll
0x00007ff99c730000 - 0x00007ff99c73f000 	C:\Windows\system32\kernel.appcore.dll
0x00007ff99d0c0000 - 0x00007ff99d173000 	C:\Windows\system32\shcore.dll
0x00007ff99c6e0000 - 0x00007ff99c72a000 	C:\Windows\system32\powrprof.dll
0x00007ff99c6c0000 - 0x00007ff99c6d3000 	C:\Windows\system32\profapi.dll
0x0000000067340000 - 0x00000000674d9000 	C:\Program Files\Java\jdk1.8.0_181\jre\bin\awt.dll
0x00007ff99fbd0000 - 0x00007ff99fc8e000 	C:\Windows\system32\OLEAUT32.dll
0x00007ff999e90000 - 0x00007ff999f08000 	C:\Windows\system32\apphelp.dll
0x00007ff999410000 - 0x00007ff999432000 	C:\Windows\system32\DWMAPI.DLL
0x00007ff99b0b0000 - 0x00007ff99b146000 	C:\Windows\system32\uxtheme.dll
0x00007ff98d730000 - 0x00007ff98d858000 	C:\Windows\system32\opengl32.dll
0x00007ff98d570000 - 0x00007ff98d59e000 	C:\Windows\SYSTEM32\GLU32.dll
0x00007ff98b300000 - 0x00007ff98b3f6000 	C:\Windows\SYSTEM32\DDRAW.dll
0x00007ff98d4f0000 - 0x00007ff98d4f8000 	C:\Windows\SYSTEM32\DCIMAN32.dll
0x00007ff99f1f0000 - 0x00007ff99f331000 	C:\Windows\system32\ole32.dll
0x00007ff99c4e0000 - 0x00007ff99c54b000 	C:\Windows\SYSTEM32\bcryptPrimitives.dll
0x00007ff99bf30000 - 0x00007ff99bf47000 	C:\Windows\SYSTEM32\CRYPTSP.dll
0x00007ff99c5f0000 - 0x00007ff99c618000 	C:\Windows\SYSTEM32\bcrypt.dll
0x00007ff99bb80000 - 0x00007ff99bbb3000 	C:\Windows\system32\rsaenh.dll
0x00007ff99bd20000 - 0x00007ff99bd3f000 	C:\Windows\SYSTEM32\USERENV.dll
0x00007ff99c100000 - 0x00007ff99c10b000 	C:\Windows\SYSTEM32\CRYPTBASE.dll
0x0000000067500000 - 0x000000006751a000 	C:\Program Files\Java\jdk1.8.0_181\jre\bin\net.dll
0x00007ff99bed0000 - 0x00007ff99bf2d000 	C:\Windows\system32\mswsock.dll
0x00007ff995580000 - 0x00007ff9955b8000 	C:\Windows\SYSTEM32\IPHLPAPI.DLL
0x00007ff995570000 - 0x00007ff99557b000 	C:\Windows\SYSTEM32\WINNSI.DLL
0x00007ff994a60000 - 0x00007ff994a76000 	C:\Windows\SYSTEM32\dhcpcsvc6.DLL
0x00007ff995260000 - 0x00007ff99527a000 	C:\Windows\SYSTEM32\dhcpcsvc.DLL
0x00000000674e0000 - 0x00000000674f1000 	C:\Program Files\Java\jdk1.8.0_181\jre\bin\nio.dll
0x00000000671e0000 - 0x0000000067211000 	C:\Program Files\Java\jdk1.8.0_181\jre\bin\jpeg.dll

VM Arguments:
jvm_args: -Dfile.encoding=Cp1252 
java_command: MainTest
java_class_path (initial): C:\Program Files\Java\jdk1.8.0_181\jre\lib\resources.jar;C:\Program Files\Java\jdk1.8.0_181\jre\lib\rt.jar;C:\Program Files\Java\jdk1.8.0_181\jre\lib\jsse.jar;C:\Program Files\Java\jdk1.8.0_181\jre\lib\jce.jar;C:\Program Files\Java\jdk1.8.0_181\jre\lib\charsets.jar;C:\Program Files\Java\jdk1.8.0_181\jre\lib\jfr.jar;C:\Program Files\Java\jdk1.8.0_181\jre\lib\ext\access-bridge-64.jar;C:\Program Files\Java\jdk1.8.0_181\jre\lib\ext\cldrdata.jar;C:\Program Files\Java\jdk1.8.0_181\jre\lib\ext\dnsns.jar;C:\Program Files\Java\jdk1.8.0_181\jre\lib\ext\jaccess.jar;C:\Program Files\Java\jdk1.8.0_181\jre\lib\ext\jfxrt.jar;C:\Program Files\Java\jdk1.8.0_181\jre\lib\ext\localedata.jar;C:\Program Files\Java\jdk1.8.0_181\jre\lib\ext\nashorn.jar;C:\Program Files\Java\jdk1.8.0_181\jre\lib\ext\sunec.jar;C:\Program Files\Java\jdk1.8.0_181\jre\lib\ext\sunjce_provider.jar;C:\Program Files\Java\jdk1.8.0_181\jre\lib\ext\sunmscapi.jar;C:\Program Files\Java\jdk1.8.0_181\jre\lib\ext\sunpkcs11.jar;C:\Program Files\Java\jdk1.8.0_181\jre\lib\ext\zipfs.jar;D:\Java Files\RoadFighter\bin
Launcher Type: SUN_STANDARD

Environment Variables:
PATH=C:/Program Files/Java/jdk1.8.0_181/bin/../jre/bin/server;C:/Program Files/Java/jdk1.8.0_181/bin/../jre/bin;C:/Program Files/Java/jdk1.8.0_181/bin/../jre/lib/amd64;C:\Windows\system32;C:\Windows;C:\Windows\System32\Wbem;C:\Windows\System32\WindowsPowerShell\v1.0\;C:\Program Files\Java\jdk1.8.0_181\bin;D:\eclipse;
USERNAME=Manish
OS=Windows_NT
PROCESSOR_IDENTIFIER=Intel64 Family 6 Model 61 Stepping 4, GenuineIntel



---------------  S Y S T E M  ---------------

OS: Windows 10.0 , 64 bit Build 10240 (10.0.10240.16384)

CPU:total 4 (initial active 4) (2 cores per cpu, 2 threads per core) family 6 model 61 stepping 4, cmov, cx8, fxsr, mmx, sse, sse2, sse3, ssse3, sse4.1, sse4.2, popcnt, avx, avx2, aes, clmul, erms, 3dnowpref, lzcnt, ht, tsc, tscinvbit, bmi1, bmi2, adx

Memory: 4k page, physical 4103568k(830748k free), swap 16686480k(6596k free)

vm_info: Java HotSpot(TM) 64-Bit Server VM (25.181-b13) for windows-amd64 JRE (1.8.0_181-b13), built on Jul  7 2018 04:01:33 by "java_re" with MS VC++ 10.0 (VS2010)

time: Fri Aug 31 07:56:30 2018
elapsed time: 1 seconds (0d 0h 0m 1s)

