#
# There is insufficient memory for the Java Runtime Environment to continue.
# Native memory allocation (malloc) failed to allocate 239856 bytes for Chunk::new
# Possible reasons:
#   The system is out of physical RAM or swap space
#   In 32 bit mode, the process size limit was hit
# Possible solutions:
#   Reduce memory load on the system
#   Increase physical memory or swap space
#   Check if swap backing store is full
#   Use 64 bit Java on a 64 bit OS
#   Decrease Java heap size (-Xmx/-Xms)
#   Decrease number of Java threads
#   Decrease Java thread stack sizes (-Xss)
#   Set larger code cache with -XX:ReservedCodeCacheSize=
# This output file may be truncated or incomplete.
#
#  Out of Memory Error (allocation.cpp:390), pid=8400, tid=0x00000000000022f0
#
# JRE version: Java(TM) SE Runtime Environment (8.0_181-b13) (build 1.8.0_181-b13)
# Java VM: Java HotSpot(TM) 64-Bit Server VM (25.181-b13 mixed mode windows-amd64 compressed oops)
# Failed to write core dump. Minidumps are not enabled by default on client versions of Windows
#

---------------  T H R E A D  ---------------

Current thread (0x000000001540c800):  JavaThread "C2 CompilerThread0" daemon [_thread_in_native, id=8944, stack(0x0000000016a90000,0x0000000016b90000)]

Stack: [0x0000000016a90000,0x0000000016b90000]
[error occurred during error reporting (printing stack bounds), id 0xc0000005]

Native frames: (J=compiled Java code, j=interpreted, Vv=VM code, C=native code)


Current CompileTask:
C2: 337711  913       4       java.awt.EventQueue$3::run (5 bytes)


---------------  P R O C E S S  ---------------

Java Threads: ( => current thread )
  0x0000000002be2800 JavaThread "DestroyJavaVM" [_thread_blocked, id=2760, stack(0x00000000013b0000,0x00000000014b0000)]
  0x0000000018efb800 JavaThread "AWT-EventQueue-0" [_thread_blocked, id=7656, stack(0x0000000019920000,0x0000000019a20000)]
  0x000000001835c800 JavaThread "AWT-Shutdown" [_thread_blocked, id=5348, stack(0x0000000018820000,0x0000000018920000)]
  0x00000000186f0800 JavaThread "TimerQueue" daemon [_thread_blocked, id=8392, stack(0x0000000017950000,0x0000000017a50000)]
  0x000000001716b800 JavaThread "AWT-Windows" daemon [_thread_in_native, id=7596, stack(0x0000000017a50000,0x0000000017b50000)]
  0x0000000017165000 JavaThread "Java2D Disposer" daemon [_thread_blocked, id=8060, stack(0x0000000017850000,0x0000000017950000)]
  0x000000001546e800 JavaThread "Service Thread" daemon [_thread_blocked, id=4720, stack(0x0000000017190000,0x0000000017290000)]
  0x0000000015457800 JavaThread "C1 CompilerThread2" daemon [_thread_blocked, id=4088, stack(0x0000000016c90000,0x0000000016d90000)]
  0x0000000015413000 JavaThread "C2 CompilerThread1" daemon [_thread_in_native, id=5408, stack(0x0000000016b90000,0x0000000016c90000)]
=>0x000000001540c800 JavaThread "C2 CompilerThread0" daemon [_thread_in_native, id=8944, stack(0x0000000016a90000,0x0000000016b90000)]
  0x000000001540b000 JavaThread "Attach Listener" daemon [_thread_blocked, id=1952, stack(0x0000000016990000,0x0000000016a90000)]
  0x0000000015409800 JavaThread "Signal Dispatcher" daemon [_thread_blocked, id=1980, stack(0x0000000016890000,0x0000000016990000)]
  0x0000000002cdb000 JavaThread "Finalizer" daemon [_thread_blocked, id=6872, stack(0x00000000166b0000,0x00000000167b0000)]
  0x0000000002cd2000 JavaThread "Reference Handler" daemon [_thread_blocked, id=7196, stack(0x00000000165b0000,0x00000000166b0000)]

Other Threads:
  0x00000000153d7000 VMThread [stack: 0x00000000164b0000,0x00000000165b0000] [id=3000]
  0x0000000016dba800 WatcherThread [stack: 0x0000000017290000,0x0000000017390000] [id=8048]

VM state:not at safepoint (normal execution)

VM Mutex/Monitor currently owned by a thread: None

Heap:
 PSYoungGen      total 80384K, used 14461K [0x00000000eb200000, 0x00000000f0280000, 0x0000000100000000)
  eden space 79872K, 18% used [0x00000000eb200000,0x00000000ec01f658,0x00000000f0000000)
  from space 512K, 0% used [0x00000000f0200000,0x00000000f0200000,0x00000000f0280000)
  to   space 1024K, 0% used [0x00000000f0080000,0x00000000f0080000,0x00000000f0180000)
 ParOldGen       total 321536K, used 173296K [0x00000000c1600000, 0x00000000d5000000, 0x00000000eb200000)
  object space 321536K, 53% used [0x00000000c1600000,0x00000000cbf3c038,0x00000000d5000000)
 Metaspace       used 10202K, capacity 10354K, committed 10496K, reserved 1058816K
  class space    used 1189K, capacity 1253K, committed 1280K, reserved 1048576K

Card table byte_map: [0x0000000012320000,0x0000000012520000] byte_map_base: 0x0000000011d15000

Marking Bits: (ParMarkBitMap*) 0x000000005b0f2d00
 Begin Bits: [0x0000000012920000, 0x00000000138c8000)
 End Bits:   [0x00000000138c8000, 0x0000000014870000)

Polling page: 0x0000000000f90000

CodeCache: size=245760Kb used=3301Kb max_used=3314Kb free=242458Kb
 bounds [0x0000000002f60000, 0x00000000032b0000, 0x0000000011f60000]
 total_blobs=1368 nmethods=897 adapters=384
 compilation: enabled

Compilation events (10 events):
Event: 328.390 Thread 0x000000001540c800 nmethod 909 0x00000000032936d0 code [0x0000000003293820, 0x00000000032938f8]
Event: 328.525 Thread 0x0000000015413000 nmethod 907 0x0000000003282210 code [0x0000000003282380, 0x0000000003282658]
Event: 328.699 Thread 0x000000001540c800  910       4       javax.swing.Timer$1::run (5 bytes)
Event: 328.884 Thread 0x000000001540c800 nmethod 910 0x000000000329bc10 code [0x000000000329bf20, 0x000000000329ded8]
Event: 328.886 Thread 0x0000000015413000  911   !   4       sun.awt.AWTAutoShutdown::notifyThreadFree (74 bytes)
Event: 328.894 Thread 0x0000000015413000 nmethod 911 0x0000000003297110 code [0x00000000032972a0, 0x0000000003297d08]
Event: 333.261 Thread 0x0000000015457800  912       1       java.util.concurrent.locks.AbstractQueuedSynchronizer::compareAndSetTail (13 bytes)
Event: 333.262 Thread 0x0000000015457800 nmethod 912 0x000000000310f810 code [0x000000000310f960, 0x000000000310fab0]
Event: 334.824 Thread 0x000000001540c800  913       4       java.awt.EventQueue$3::run (5 bytes)
Event: 336.699 Thread 0x0000000015413000  914       4       javax.swing.Timer$DoPostEvent::run (95 bytes)

GC Heap History (10 events):
Event: 3.747 GC heap before
{Heap before GC invocations=11 (full 3):
 PSYoungGen      total 35328K, used 33792K [0x00000000eb200000, 0x00000000eea00000, 0x0000000100000000)
  eden space 33792K, 100% used [0x00000000eb200000,0x00000000ed300000,0x00000000ed300000)
  from space 1536K, 0% used [0x00000000ed300000,0x00000000ed300000,0x00000000ed480000)
  to   space 1536K, 0% used [0x00000000ee880000,0x00000000ee880000,0x00000000eea00000)
 ParOldGen       total 203776K, used 103903K [0x00000000c1600000, 0x00000000cdd00000, 0x00000000eb200000)
  object space 203776K, 50% used [0x00000000c1600000,0x00000000c7b77e50,0x00000000cdd00000)
 Metaspace       used 8200K, capacity 8390K, committed 8576K, reserved 1056768K
  class space    used 945K, capacity 1027K, committed 1152K, reserved 1048576K
Event: 3.763 GC heap after
Heap after GC invocations=11 (full 3):
 PSYoungGen      total 54784K, used 224K [0x00000000eb200000, 0x00000000ee980000, 0x0000000100000000)
  eden space 53760K, 0% used [0x00000000eb200000,0x00000000eb200000,0x00000000ee680000)
  from space 1024K, 21% used [0x00000000ee880000,0x00000000ee8b8000,0x00000000ee980000)
  to   space 1536K, 0% used [0x00000000ee680000,0x00000000ee680000,0x00000000ee800000)
 ParOldGen       total 203776K, used 155888K [0x00000000c1600000, 0x00000000cdd00000, 0x00000000eb200000)
  object space 203776K, 76% used [0x00000000c1600000,0x00000000cae3c090,0x00000000cdd00000)
 Metaspace       used 8200K, capacity 8390K, committed 8576K, reserved 1056768K
  class space    used 945K, capacity 1027K, committed 1152K, reserved 1048576K
}
Event: 3.763 GC heap before
{Heap before GC invocations=12 (full 4):
 PSYoungGen      total 54784K, used 224K [0x00000000eb200000, 0x00000000ee980000, 0x0000000100000000)
  eden space 53760K, 0% used [0x00000000eb200000,0x00000000eb200000,0x00000000ee680000)
  from space 1024K, 21% used [0x00000000ee880000,0x00000000ee8b8000,0x00000000ee980000)
  to   space 1536K, 0% used [0x00000000ee680000,0x00000000ee680000,0x00000000ee800000)
 ParOldGen       total 203776K, used 155888K [0x00000000c1600000, 0x00000000cdd00000, 0x00000000eb200000)
  object space 203776K, 76% used [0x00000000c1600000,0x00000000cae3c090,0x00000000cdd00000)
 Metaspace       used 8200K, capacity 8390K, committed 8576K, reserved 1056768K
  class space    used 945K, capacity 1027K, committed 1152K, reserved 1048576K
Event: 3.773 GC heap after
Heap after GC invocations=12 (full 4):
 PSYoungGen      total 54784K, used 0K [0x00000000eb200000, 0x00000000ee980000, 0x0000000100000000)
  eden space 53760K, 0% used [0x00000000eb200000,0x00000000eb200000,0x00000000ee680000)
  from space 1024K, 0% used [0x00000000ee880000,0x00000000ee880000,0x00000000ee980000)
  to   space 1536K, 0% used [0x00000000ee680000,0x00000000ee680000,0x00000000ee800000)
 ParOldGen       total 248320K, used 121300K [0x00000000c1600000, 0x00000000d0880000, 0x00000000eb200000)
  object space 248320K, 48% used [0x00000000c1600000,0x00000000c8c753a0,0x00000000d0880000)
 Metaspace       used 8200K, capacity 8390K, committed 8576K, reserved 1056768K
  class space    used 945K, capacity 1027K, committed 1152K, reserved 1048576K
}
Event: 4.012 GC heap before
{Heap before GC invocations=13 (full 4):
 PSYoungGen      total 54784K, used 53760K [0x00000000eb200000, 0x00000000ee980000, 0x0000000100000000)
  eden space 53760K, 100% used [0x00000000eb200000,0x00000000ee680000,0x00000000ee680000)
  from space 1024K, 0% used [0x00000000ee880000,0x00000000ee880000,0x00000000ee980000)
  to   space 1536K, 0% used [0x00000000ee680000,0x00000000ee680000,0x00000000ee800000)
 ParOldGen       total 248320K, used 121300K [0x00000000c1600000, 0x00000000d0880000, 0x00000000eb200000)
  object space 248320K, 48% used [0x00000000c1600000,0x00000000c8c753a0,0x00000000d0880000)
 Metaspace       used 8205K, capacity 8390K, committed 8576K, reserved 1056768K
  class space    used 945K, capacity 1027K, committed 1152K, reserved 1048576K
Event: 4.536 GC heap after
Heap after GC invocations=13 (full 4):
 PSYoungGen      total 55296K, used 192K [0x00000000eb200000, 0x00000000f0300000, 0x0000000100000000)
  eden space 53760K, 0% used [0x00000000eb200000,0x00000000eb200000,0x00000000ee680000)
  from space 1536K, 12% used [0x00000000ee680000,0x00000000ee6b0000,0x00000000ee800000)
  to   space 1024K, 0% used [0x00000000f0200000,0x00000000f0200000,0x00000000f0300000)
 ParOldGen       total 248320K, used 173285K [0x00000000c1600000, 0x00000000d0880000, 0x00000000eb200000)
  object space 248320K, 69% used [0x00000000c1600000,0x00000000cbf395e0,0x00000000d0880000)
 Metaspace       used 8205K, capacity 8390K, committed 8576K, reserved 1056768K
  class space    used 945K, capacity 1027K, committed 1152K, reserved 1048576K
}
Event: 6.408 GC heap before
{Heap before GC invocations=14 (full 4):
 PSYoungGen      total 55296K, used 53952K [0x00000000eb200000, 0x00000000f0300000, 0x0000000100000000)
  eden space 53760K, 100% used [0x00000000eb200000,0x00000000ee680000,0x00000000ee680000)
  from space 1536K, 12% used [0x00000000ee680000,0x00000000ee6b0000,0x00000000ee800000)
  to   space 1024K, 0% used [0x00000000f0200000,0x00000000f0200000,0x00000000f0300000)
 ParOldGen       total 248320K, used 173285K [0x00000000c1600000, 0x00000000d0880000, 0x00000000eb200000)
  object space 248320K, 69% used [0x00000000c1600000,0x00000000cbf395e0,0x00000000d0880000)
 Metaspace       used 8305K, capacity 8454K, committed 8832K, reserved 1056768K
  class space    used 961K, capacity 1027K, committed 1152K, reserved 1048576K
Event: 6.439 GC heap after
Heap after GC invocations=14 (full 4):
 PSYoungGen      total 80384K, used 160K [0x00000000eb200000, 0x00000000f0280000, 0x0000000100000000)
  eden space 79872K, 0% used [0x00000000eb200000,0x00000000eb200000,0x00000000f0000000)
  from space 512K, 31% used [0x00000000f0200000,0x00000000f0228000,0x00000000f0280000)
  to   space 1024K, 0% used [0x00000000f0080000,0x00000000f0080000,0x00000000f0180000)
 ParOldGen       total 248320K, used 225270K [0x00000000c1600000, 0x00000000d0880000, 0x00000000eb200000)
  object space 248320K, 90% used [0x00000000c1600000,0x00000000cf1fd820,0x00000000d0880000)
 Metaspace       used 8305K, capacity 8454K, committed 8832K, reserved 1056768K
  class space    used 961K, capacity 1027K, committed 1152K, reserved 1048576K
}
Event: 6.439 GC heap before
{Heap before GC invocations=15 (full 5):
 PSYoungGen      total 80384K, used 160K [0x00000000eb200000, 0x00000000f0280000, 0x0000000100000000)
  eden space 79872K, 0% used [0x00000000eb200000,0x00000000eb200000,0x00000000f0000000)
  from space 512K, 31% used [0x00000000f0200000,0x00000000f0228000,0x00000000f0280000)
  to   space 1024K, 0% used [0x00000000f0080000,0x00000000f0080000,0x00000000f0180000)
 ParOldGen       total 248320K, used 225270K [0x00000000c1600000, 0x00000000d0880000, 0x00000000eb200000)
  object space 248320K, 90% used [0x00000000c1600000,0x00000000cf1fd820,0x00000000d0880000)
 Metaspace       used 8305K, capacity 8454K, committed 8832K, reserved 1056768K
  class space    used 961K, capacity 1027K, committed 1152K, reserved 1048576K
Event: 6.457 GC heap after
Heap after GC invocations=15 (full 5):
 PSYoungGen      total 80384K, used 0K [0x00000000eb200000, 0x00000000f0280000, 0x0000000100000000)
  eden space 79872K, 0% used [0x00000000eb200000,0x00000000eb200000,0x00000000f0000000)
  from space 512K, 0% used [0x00000000f0200000,0x00000000f0200000,0x00000000f0280000)
  to   space 1024K, 0% used [0x00000000f0080000,0x00000000f0080000,0x00000000f0180000)
 ParOldGen       total 321536K, used 173296K [0x00000000c1600000, 0x00000000d5000000, 0x00000000eb200000)
  object space 321536K, 53% used [0x00000000c1600000,0x00000000cbf3c038,0x00000000d5000000)
 Metaspace       used 8305K, capacity 8454K, committed 8832K, reserved 1056768K
  class space    used 961K, capacity 1027K, committed 1152K, reserved 1048576K
}

Deoptimization events (6 events):
Event: 2.351 Thread 0x0000000002be2800 Uncommon trap: reason=unstable_if action=reinterpret pc=0x000000000312535c method=sun.awt.image.ByteInterleavedRaster.putByteData(IIII[B)V @ 395
Event: 3.208 Thread 0x0000000002be2800 Uncommon trap: reason=unstable_if action=reinterpret pc=0x000000000314a2b4 method=java.io.BufferedInputStream.read([BII)I @ 104
Event: 3.208 Thread 0x0000000002be2800 Uncommon trap: reason=unstable_if action=reinterpret pc=0x0000000003135de8 method=java.io.BufferedInputStream.fill()V @ 219
Event: 24.411 Thread 0x0000000018efb800 Uncommon trap: reason=unstable_if action=reinterpret pc=0x00000000031a8464 method=java.lang.CharacterData.of(I)Ljava/lang/CharacterData; @ 4
Event: 324.067 Thread 0x00000000186f0800 Uncommon trap: reason=unstable_if action=reinterpret pc=0x000000000328d524 method=sun.awt.AWTAutoShutdown.isReadyToShutdown()Z @ 4
Event: 324.141 Thread 0x0000000018efb800 Uncommon trap: reason=unstable_if action=reinterpret pc=0x000000000306cfa4 method=sun.awt.AWTAutoShutdown.isReadyToShutdown()Z @ 4

Classes redefined (0 events):
No events

Internal exceptions (10 events):
Event: 0.416 Thread 0x0000000002be2800 Exception <a 'java/lang/NoSuchMethodError': Method sun.misc.Unsafe.defineClass(Ljava/lang/String;[BII)Ljava/lang/Class; name or signature does not match> (0x00000000eb207cb0) thrown at [C:\re\workspace\8-2-build-windows-amd64-cygwin\jdk8u181\11358\hotspot
Event: 0.416 Thread 0x0000000002be2800 Exception <a 'java/lang/NoSuchMethodError': Method sun.misc.Unsafe.prefetchRead(Ljava/lang/Object;J)V name or signature does not match> (0x00000000eb207f98) thrown at [C:\re\workspace\8-2-build-windows-amd64-cygwin\jdk8u181\11358\hotspot\src\share\vm\prim
Event: 0.944 Thread 0x0000000002be2800 Exception <a 'java/security/PrivilegedActionException'> (0x00000000eb29d6c8) thrown at [C:\re\workspace\8-2-build-windows-amd64-cygwin\jdk8u181\11358\hotspot\src\share\vm\prims\jvm.cpp, line 1435]
Event: 0.944 Thread 0x0000000002be2800 Exception <a 'java/security/PrivilegedActionException'> (0x00000000eb29d8d8) thrown at [C:\re\workspace\8-2-build-windows-amd64-cygwin\jdk8u181\11358\hotspot\src\share\vm\prims\jvm.cpp, line 1435]
Event: 0.945 Thread 0x0000000002be2800 Exception <a 'java/security/PrivilegedActionException'> (0x00000000eb2a17e8) thrown at [C:\re\workspace\8-2-build-windows-amd64-cygwin\jdk8u181\11358\hotspot\src\share\vm\prims\jvm.cpp, line 1435]
Event: 0.945 Thread 0x0000000002be2800 Exception <a 'java/security/PrivilegedActionException'> (0x00000000eb2a19f8) thrown at [C:\re\workspace\8-2-build-windows-amd64-cygwin\jdk8u181\11358\hotspot\src\share\vm\prims\jvm.cpp, line 1435]
Event: 1.031 Thread 0x0000000002be2800 Exception <a 'java/io/FileNotFoundException'> (0x00000000eb2a3b88) thrown at [C:\re\workspace\8-2-build-windows-amd64-cygwin\jdk8u181\11358\hotspot\src\share\vm\prims\jni.cpp, line 709]
Event: 1.177 Thread 0x0000000002be2800 Exception <a 'java/lang/NoSuchFieldError': method resolution failed> (0x00000000eb3c6680) thrown at [C:\re\workspace\8-2-build-windows-amd64-cygwin\jdk8u181\11358\hotspot\src\share\vm\prims\methodHandles.cpp, line 1167]
Event: 1.180 Thread 0x0000000002be2800 Exception <a 'java/lang/NoSuchFieldError': method resolution failed> (0x00000000eb3d3a50) thrown at [C:\re\workspace\8-2-build-windows-amd64-cygwin\jdk8u181\11358\hotspot\src\share\vm\prims\methodHandles.cpp, line 1167]
Event: 1.340 Thread 0x0000000002be2800 Exception <a 'java/io/FileNotFoundException'> (0x00000000eb46c1c0) thrown at [C:\re\workspace\8-2-build-windows-amd64-cygwin\jdk8u181\11358\hotspot\src\share\vm\prims\jni.cpp, line 709]

Events (10 events):
Event: 114.551 Thread 0x0000000015413000 flushing nmethod 0x000000000310f590
Event: 120.453 Thread 0x000000001540c800 flushing nmethod 0x0000000003112910
Event: 323.962 Thread 0x00000000186f0800 Uncommon trap: trap_request=0xffffff65 fr.pc=0x000000000328d524
Event: 324.067 Thread 0x00000000186f0800 DEOPT PACKING pc=0x000000000328d524 sp=0x0000000017a4e420
Event: 324.067 Thread 0x00000000186f0800 DEOPT UNPACKING pc=0x0000000002fa583b sp=0x0000000017a4e298 mode 2
Event: 324.141 Thread 0x0000000018efb800 Uncommon trap: trap_request=0xffffff65 fr.pc=0x000000000306cfa4
Event: 324.141 Thread 0x0000000018efb800 DEOPT PACKING pc=0x000000000306cfa4 sp=0x0000000019a1f320
Event: 324.161 Thread 0x0000000018efb800 DEOPT UNPACKING pc=0x0000000002fa583b sp=0x0000000019a1f2c0 mode 2
Event: 325.027 loading class java/security/DomainCombiner
Event: 325.065 loading class java/security/DomainCombiner done


Dynamic libraries:
0x00007ff770b20000 - 0x00007ff770b57000 	C:\Program Files\Java\jdk1.8.0_181\bin\javaw.exe
0x00007ff8bd420000 - 0x00007ff8bd5e2000 	C:\Windows\SYSTEM32\ntdll.dll
0x00007ff8bce50000 - 0x00007ff8bcefd000 	C:\Windows\system32\KERNEL32.DLL
0x00007ff8ba910000 - 0x00007ff8baaed000 	C:\Windows\system32\KERNELBASE.dll
0x00007ff8bd090000 - 0x00007ff8bd136000 	C:\Windows\system32\ADVAPI32.dll
0x00007ff8bac10000 - 0x00007ff8bacad000 	C:\Windows\system32\msvcrt.dll
0x00007ff8bab00000 - 0x00007ff8bab5b000 	C:\Windows\system32\sechost.dll
0x00007ff8bb070000 - 0x00007ff8bb196000 	C:\Windows\system32\RPCRT4.dll
0x00007ff8bd260000 - 0x00007ff8bd3ae000 	C:\Windows\system32\USER32.dll
0x00007ff8bcf00000 - 0x00007ff8bd085000 	C:\Windows\system32\GDI32.dll
0x00007ff8b09c0000 - 0x00007ff8b0c34000 	C:\Windows\WinSxS\amd64_microsoft.windows.common-controls_6595b64144ccf1df_6.0.10240.16384_none_f41f7b285750ef43\COMCTL32.dll
0x00007ff8bd160000 - 0x00007ff8bd196000 	C:\Windows\system32\IMM32.DLL
0x00007ff8bccf0000 - 0x00007ff8bce4c000 	C:\Windows\system32\MSCTF.dll
0x000000005a7f0000 - 0x000000005a8c2000 	C:\Program Files\Java\jdk1.8.0_181\jre\bin\msvcr100.dll
0x000000005a8d0000 - 0x000000005b172000 	C:\Program Files\Java\jdk1.8.0_181\jre\bin\server\jvm.dll
0x00007ff8baaf0000 - 0x00007ff8baaf8000 	C:\Windows\system32\PSAPI.DLL
0x00007ff8ac050000 - 0x00007ff8ac059000 	C:\Windows\SYSTEM32\WSOCK32.dll
0x00007ff8aefb0000 - 0x00007ff8aefba000 	C:\Windows\SYSTEM32\VERSION.dll
0x00007ff8b4390000 - 0x00007ff8b43b3000 	C:\Windows\SYSTEM32\WINMM.dll
0x00007ff8b4360000 - 0x00007ff8b438c000 	C:\Windows\SYSTEM32\WINMMBASE.dll
0x00007ff8ba5d0000 - 0x00007ff8ba614000 	C:\Windows\system32\cfgmgr32.dll
0x00007ff8b87c0000 - 0x00007ff8b87e7000 	C:\Windows\SYSTEM32\DEVOBJ.dll
0x00007ff8bb000000 - 0x00007ff8bb069000 	C:\Windows\system32\WS2_32.dll
0x00007ff8bc960000 - 0x00007ff8bc968000 	C:\Windows\system32\NSI.dll
0x000000005a7e0000 - 0x000000005a7ef000 	C:\Program Files\Java\jdk1.8.0_181\jre\bin\verify.dll
0x000000005a7b0000 - 0x000000005a7d9000 	C:\Program Files\Java\jdk1.8.0_181\jre\bin\java.dll
0x000000005a790000 - 0x000000005a7a6000 	C:\Program Files\Java\jdk1.8.0_181\jre\bin\zip.dll
0x00007ff8bb1a0000 - 0x00007ff8bc6c5000 	C:\Windows\system32\SHELL32.dll
0x00007ff8b9fa0000 - 0x00007ff8ba5c8000 	C:\Windows\system32\windows.storage.dll
0x00007ff8bacc0000 - 0x00007ff8baf3c000 	C:\Windows\system32\combase.dll
0x00007ff8bafa0000 - 0x00007ff8baff1000 	C:\Windows\system32\shlwapi.dll
0x00007ff8b9ee0000 - 0x00007ff8b9eef000 	C:\Windows\system32\kernel.appcore.dll
0x00007ff8ba680000 - 0x00007ff8ba733000 	C:\Windows\system32\shcore.dll
0x00007ff8b9e50000 - 0x00007ff8b9e9a000 	C:\Windows\system32\powrprof.dll
0x00007ff8b9ea0000 - 0x00007ff8b9eb3000 	C:\Windows\system32\profapi.dll
0x000000005a5b0000 - 0x000000005a749000 	C:\Program Files\Java\jdk1.8.0_181\jre\bin\awt.dll
0x00007ff8bd1a0000 - 0x00007ff8bd25e000 	C:\Windows\system32\OLEAUT32.dll
0x00007ff8b80a0000 - 0x00007ff8b8118000 	C:\Windows\system32\apphelp.dll
0x00007ff8b73c0000 - 0x00007ff8b73e2000 	C:\Windows\system32\DWMAPI.DLL
0x00007ff8b86b0000 - 0x00007ff8b8746000 	C:\Windows\system32\uxtheme.dll
0x00007ff8a9380000 - 0x00007ff8a94a8000 	C:\Windows\system32\opengl32.dll
0x00007ff8a9210000 - 0x00007ff8a9306000 	C:\Windows\SYSTEM32\DDRAW.dll
0x00007ff8a9310000 - 0x00007ff8a933e000 	C:\Windows\SYSTEM32\GLU32.dll
0x00007ff8a9b80000 - 0x00007ff8a9b88000 	C:\Windows\SYSTEM32\DCIMAN32.dll
0x00007ff8bc730000 - 0x00007ff8bc871000 	C:\Windows\system32\ole32.dll
0x00007ff8b9c70000 - 0x00007ff8b9cdb000 	C:\Windows\SYSTEM32\bcryptPrimitives.dll
0x00007ff8b96c0000 - 0x00007ff8b96d7000 	C:\Windows\SYSTEM32\CRYPTSP.dll
0x00007ff8b9d80000 - 0x00007ff8b9da8000 	C:\Windows\SYSTEM32\bcrypt.dll
0x00007ff8b9310000 - 0x00007ff8b9343000 	C:\Windows\system32\rsaenh.dll
0x00007ff8b94f0000 - 0x00007ff8b950f000 	C:\Windows\SYSTEM32\USERENV.dll
0x00007ff8b9810000 - 0x00007ff8b981b000 	C:\Windows\SYSTEM32\CRYPTBASE.dll
0x000000005a770000 - 0x000000005a78a000 	C:\Program Files\Java\jdk1.8.0_181\jre\bin\net.dll
0x00007ff8b9660000 - 0x00007ff8b96bd000 	C:\Windows\system32\mswsock.dll
0x00007ff8b6f40000 - 0x00007ff8b6f78000 	C:\Windows\SYSTEM32\IPHLPAPI.DLL
0x00007ff8b7020000 - 0x00007ff8b702b000 	C:\Windows\SYSTEM32\WINNSI.DLL
0x00007ff8b6af0000 - 0x00007ff8b6b06000 	C:\Windows\SYSTEM32\dhcpcsvc6.DLL
0x00007ff8b6e50000 - 0x00007ff8b6e6a000 	C:\Windows\SYSTEM32\dhcpcsvc.DLL
0x000000005a750000 - 0x000000005a761000 	C:\Program Files\Java\jdk1.8.0_181\jre\bin\nio.dll
0x000000005a450000 - 0x000000005a481000 	C:\Program Files\Java\jdk1.8.0_181\jre\bin\jpeg.dll
0x000000005a560000 - 0x000000005a5a7000 	C:\Program Files\Java\jdk1.8.0_181\jre\bin\fontmanager.dll
0x000000005a510000 - 0x000000005a552000 	C:\Program Files\Java\jdk1.8.0_181\jre\bin\t2k.dll

VM Arguments:
jvm_args: -Dfile.encoding=Cp1252 
java_command: MainTest
java_class_path (initial): C:\Program Files\Java\jdk1.8.0_181\jre\lib\resources.jar;C:\Program Files\Java\jdk1.8.0_181\jre\lib\rt.jar;C:\Program Files\Java\jdk1.8.0_181\jre\lib\jsse.jar;C:\Program Files\Java\jdk1.8.0_181\jre\lib\jce.jar;C:\Program Files\Java\jdk1.8.0_181\jre\lib\charsets.jar;C:\Program Files\Java\jdk1.8.0_181\jre\lib\jfr.jar;C:\Program Files\Java\jdk1.8.0_181\jre\lib\ext\access-bridge-64.jar;C:\Program Files\Java\jdk1.8.0_181\jre\lib\ext\cldrdata.jar;C:\Program Files\Java\jdk1.8.0_181\jre\lib\ext\dnsns.jar;C:\Program Files\Java\jdk1.8.0_181\jre\lib\ext\jaccess.jar;C:\Program Files\Java\jdk1.8.0_181\jre\lib\ext\jfxrt.jar;C:\Program Files\Java\jdk1.8.0_181\jre\lib\ext\localedata.jar;C:\Program Files\Java\jdk1.8.0_181\jre\lib\ext\nashorn.jar;C:\Program Files\Java\jdk1.8.0_181\jre\lib\ext\sunec.jar;C:\Program Files\Java\jdk1.8.0_181\jre\lib\ext\sunjce_provider.jar;C:\Program Files\Java\jdk1.8.0_181\jre\lib\ext\sunmscapi.jar;C:\Program Files\Java\jdk1.8.0_181\jre\lib\ext\sunpkcs11.jar;C:\Program Files\Java\jdk1.8.0_181\jre\lib\ext\zipfs.jar;D:\Java Files\RoadFighter\bin
Launcher Type: SUN_STANDARD

Environment Variables:
PATH=C:/Program Files/Java/jdk1.8.0_181/bin/../jre/bin/server;C:/Program Files/Java/jdk1.8.0_181/bin/../jre/bin;C:/Program Files/Java/jdk1.8.0_181/bin/../jre/lib/amd64;C:\Windows\system32;C:\Windows;C:\Windows\System32\Wbem;C:\Windows\System32\WindowsPowerShell\v1.0\;C:\Program Files\Java\jdk1.8.0_181\bin;D:\eclipse;
USERNAME=Manish
OS=Windows_NT
PROCESSOR_IDENTIFIER=Intel64 Family 6 Model 61 Stepping 4, GenuineIntel



---------------  S Y S T E M  ---------------

OS: Windows 10.0 , 64 bit Build 10240 (10.0.10240.16384)

CPU:total 4 (initial active 4) (2 cores per cpu, 2 threads per core) family 6 model 61 stepping 4, cmov, cx8, fxsr, mmx, sse, sse2, sse3, ssse3, sse4.1, sse4.2, popcnt, avx, avx2, aes, clmul, erms, 3dnowpref, lzcnt, ht, tsc, tscinvbit, bmi1, bmi2, adx

Memory: 4k page, physical 4103568k(1266168k free), swap 16686480k(4752k free)

vm_info: Java HotSpot(TM) 64-Bit Server VM (25.181-b13) for windows-amd64 JRE (1.8.0_181-b13), built on Jul  7 2018 04:01:33 by "java_re" with MS VC++ 10.0 (VS2010)

time: Thu Aug 30 05:36:42 2018
elapsed time: 337 seconds (0d 0h 5m 37s)

